<?xml version="1.0" encoding="UTF-8"?>
<coverage generated="1745561410847" clover="3.2.0">
  <project timestamp="1745561410847" name="All files">
    <metrics statements="527" coveredstatements="457" conditionals="234" coveredconditionals="162" methods="193" coveredmethods="150" elements="954" coveredelements="769" complexity="0" loc="527" ncloc="527" packages="18" files="25" classes="25"/>
    <package name="src">
      <metrics statements="3" coveredstatements="3" conditionals="0" coveredconditionals="0" methods="1" coveredmethods="1"/>
      <file name="App.jsx" path="C:\Users\Hp\Desktop\BOTP\Ecommerce\src\App.jsx">
        <metrics statements="3" coveredstatements="3" conditionals="0" coveredconditionals="0" methods="1" coveredmethods="1"/>
        <line num="10" count="1" type="stmt"/>
        <line num="11" count="5" type="stmt"/>
        <line num="13" count="5" type="stmt"/>
      </file>
    </package>
    <package name="src.Components">
      <metrics statements="18" coveredstatements="16" conditionals="4" coveredconditionals="4" methods="14" coveredmethods="2"/>
      <file name="AppRoutes.jsx" path="C:\Users\Hp\Desktop\BOTP\Ecommerce\src\Components\AppRoutes.jsx">
        <metrics statements="18" coveredstatements="16" conditionals="4" coveredconditionals="4" methods="14" coveredmethods="2"/>
        <line num="4" count="1" type="stmt"/>
        <line num="5" count="1" type="stmt"/>
        <line num="6" count="1" type="stmt"/>
        <line num="7" count="1" type="stmt"/>
        <line num="8" count="1" type="stmt"/>
        <line num="9" count="1" type="stmt"/>
        <line num="10" count="0" type="stmt"/>
        <line num="12" count="1" type="stmt"/>
        <line num="13" count="0" type="stmt"/>
        <line num="15" count="1" type="stmt"/>
        <line num="16" count="1" type="stmt"/>
        <line num="17" count="1" type="stmt"/>
        <line num="18" count="1" type="stmt"/>
        <line num="19" count="1" type="stmt"/>
        <line num="20" count="1" type="stmt"/>
        <line num="23" count="1" type="stmt"/>
        <line num="24" count="3" type="stmt"/>
        <line num="26" count="3" type="stmt"/>
      </file>
    </package>
    <package name="src.Components.ChangeAddress">
      <metrics statements="8" coveredstatements="8" conditionals="0" coveredconditionals="0" methods="4" coveredmethods="4"/>
      <file name="ChangeAddress.jsx" path="C:\Users\Hp\Desktop\BOTP\Ecommerce\src\Components\ChangeAddress\ChangeAddress.jsx">
        <metrics statements="8" coveredstatements="8" conditionals="0" coveredconditionals="0" methods="4" coveredmethods="4"/>
        <line num="3" count="2" type="stmt"/>
        <line num="4" count="6" type="stmt"/>
        <line num="8" count="6" type="stmt"/>
        <line num="9" count="1" type="stmt"/>
        <line num="10" count="1" type="stmt"/>
        <line num="12" count="6" type="stmt"/>
        <line num="17" count="2" type="stmt"/>
        <line num="20" count="1" type="stmt"/>
      </file>
    </package>
    <package name="src.Components.Footer">
      <metrics statements="5" coveredstatements="5" conditionals="0" coveredconditionals="0" methods="2" coveredmethods="2"/>
      <file name="Footer.jsx" path="C:\Users\Hp\Desktop\BOTP\Ecommerce\src\Components\Footer\Footer.jsx">
        <metrics statements="5" coveredstatements="5" conditionals="0" coveredconditionals="0" methods="2" coveredmethods="2"/>
        <line num="5" count="1" type="stmt"/>
        <line num="6" count="7" type="stmt"/>
        <line num="7" count="7" type="stmt"/>
        <line num="8" count="7" type="stmt"/>
        <line num="63" count="1" type="stmt"/>
      </file>
    </package>
    <package name="src.Components.Login">
      <metrics statements="34" coveredstatements="31" conditionals="16" coveredconditionals="14" methods="6" coveredmethods="6"/>
      <file name="Login.jsx" path="C:\Users\Hp\Desktop\BOTP\Ecommerce\src\Components\Login\Login.jsx">
        <metrics statements="34" coveredstatements="31" conditionals="16" coveredconditionals="14" methods="6" coveredmethods="6"/>
        <line num="7" count="1" type="stmt"/>
        <line num="8" count="16" type="stmt"/>
        <line num="9" count="16" type="stmt"/>
        <line num="10" count="16" type="stmt"/>
        <line num="11" count="16" type="stmt"/>
        <line num="12" count="16" type="stmt"/>
        <line num="14" count="16" type="stmt"/>
        <line num="15" count="2" type="stmt"/>
        <line num="19" count="16" type="stmt"/>
        <line num="20" count="7" type="cond" truecount="2" falsecount="0"/>
        <line num="21" count="1" type="cond" truecount="1" falsecount="1"/>
        <line num="22" count="1" type="stmt"/>
        <line num="24" count="0" type="stmt"/>
        <line num="29" count="16" type="stmt"/>
        <line num="30" count="3" type="stmt"/>
        <line num="33" count="3" type="stmt"/>
        <line num="34" count="3" type="cond" truecount="2" falsecount="0"/>
        <line num="35" count="1" type="stmt"/>
        <line num="36" count="1" type="stmt"/>
        <line num="39" count="2" type="stmt"/>
        <line num="42" count="2" type="stmt"/>
        <line num="43" count="2" type="stmt"/>
        <line num="44" count="2" type="stmt"/>
        <line num="46" count="2" type="cond" truecount="2" falsecount="0"/>
        <line num="47" count="1" type="stmt"/>
        <line num="49" count="1" type="stmt"/>
        <line num="51" count="1" type="cond" truecount="1" falsecount="1"/>
        <line num="52" count="0" type="stmt"/>
        <line num="54" count="1" type="stmt"/>
        <line num="57" count="1" type="stmt"/>
        <line num="60" count="0" type="stmt"/>
        <line num="64" count="16" type="stmt"/>
        <line num="76" count="2" type="stmt"/>
        <line num="90" count="2" type="stmt"/>
      </file>
    </package>
    <package name="src.Components.Modal">
      <metrics statements="4" coveredstatements="4" conditionals="2" coveredconditionals="2" methods="2" coveredmethods="2"/>
      <file name="Modal.jsx" path="C:\Users\Hp\Desktop\BOTP\Ecommerce\src\Components\Modal\Modal.jsx">
        <metrics statements="4" coveredstatements="4" conditionals="2" coveredconditionals="2" methods="2" coveredmethods="2"/>
        <line num="3" count="2" type="stmt"/>
        <line num="4" count="8" type="cond" truecount="2" falsecount="0"/>
        <line num="6" count="2" type="stmt"/>
        <line num="12" count="1" type="stmt"/>
      </file>
    </package>
    <package name="src.Components.Navbar">
      <metrics statements="49" coveredstatements="32" conditionals="32" coveredconditionals="18" methods="23" coveredmethods="10"/>
      <file name="Navbar.jsx" path="C:\Users\Hp\Desktop\BOTP\Ecommerce\src\Components\Navbar\Navbar.jsx">
        <metrics statements="49" coveredstatements="32" conditionals="32" coveredconditionals="18" methods="23" coveredmethods="10"/>
        <line num="17" count="1" type="stmt"/>
        <line num="18" count="22" type="stmt"/>
        <line num="19" count="22" type="stmt"/>
        <line num="20" count="12" type="stmt"/>
        <line num="21" count="12" type="stmt"/>
        <line num="22" count="22" type="stmt"/>
        <line num="23" count="12" type="stmt"/>
        <line num="25" count="22" type="cond" truecount="2" falsecount="0"/>
        <line num="27" count="12" type="stmt"/>
        <line num="29" count="12" type="stmt"/>
        <line num="30" count="12" type="stmt"/>
        <line num="32" count="12" type="stmt"/>
        <line num="33" count="0" type="stmt"/>
        <line num="34" count="0" type="stmt"/>
        <line num="36" count="12" type="stmt"/>
        <line num="37" count="0" type="stmt"/>
        <line num="39" count="12" type="stmt"/>
        <line num="40" count="0" type="stmt"/>
        <line num="42" count="12" type="stmt"/>
        <line num="43" count="2" type="stmt"/>
        <line num="44" count="2" type="stmt"/>
        <line num="47" count="12" type="stmt"/>
        <line num="48" count="10" type="stmt"/>
        <line num="49" count="10" type="cond" truecount="1" falsecount="1"/>
        <line num="50" count="0" type="stmt"/>
        <line num="54" count="12" type="stmt"/>
        <line num="55" count="10" type="stmt"/>
        <line num="58" count="12" type="cond" truecount="2" falsecount="0"/>
        <line num="59" count="12" type="stmt"/>
        <line num="60" count="1" type="stmt"/>
        <line num="61" count="1" type="stmt"/>
        <line num="62" count="1" type="stmt"/>
        <line num="63" count="1" type="stmt"/>
        <line num="67" count="12" type="stmt"/>
        <line num="87" count="2" type="cond" truecount="2" falsecount="0"/>
        <line num="88" count="1" type="stmt"/>
        <line num="90" count="1" type="stmt"/>
        <line num="127" count="0" type="stmt"/>
        <line num="138" count="0" type="stmt"/>
        <line num="145" count="0" type="stmt"/>
        <line num="152" count="0" type="stmt"/>
        <line num="159" count="0" type="stmt"/>
        <line num="168" count="0" type="stmt"/>
        <line num="176" count="0" type="stmt"/>
        <line num="185" count="0" type="stmt"/>
        <line num="195" count="0" type="stmt"/>
        <line num="196" count="0" type="cond" truecount="0" falsecount="2"/>
        <line num="197" count="0" type="stmt"/>
        <line num="262" count="0" type="stmt"/>
      </file>
    </package>
    <package name="src.Components.ProductCard">
      <metrics statements="14" coveredstatements="14" conditionals="8" coveredconditionals="8" methods="6" coveredmethods="6"/>
      <file name="ProductCard.jsx" path="C:\Users\Hp\Desktop\BOTP\Ecommerce\src\Components\ProductCard\ProductCard.jsx">
        <metrics statements="14" coveredstatements="14" conditionals="8" coveredconditionals="8" methods="6" coveredmethods="6"/>
        <line num="9" count="1" type="stmt"/>
        <line num="10" count="8" type="stmt"/>
        <line num="11" count="8" type="stmt"/>
        <line num="13" count="8" type="stmt"/>
        <line num="14" count="4" type="stmt"/>
        <line num="15" count="4" type="stmt"/>
        <line num="16" count="4" type="stmt"/>
        <line num="17" count="4" type="stmt"/>
        <line num="19" count="4" type="cond" truecount="2" falsecount="0"/>
        <line num="20" count="1" type="stmt"/>
        <line num="22" count="3" type="stmt"/>
        <line num="26" count="8" type="stmt"/>
        <line num="51" count="40" type="stmt"/>
        <line num="71" count="4" type="stmt"/>
      </file>
    </package>
    <package name="src.Components.Register">
      <metrics statements="22" coveredstatements="10" conditionals="10" coveredconditionals="5" methods="6" coveredmethods="2"/>
      <file name="Register.jsx" path="C:\Users\Hp\Desktop\BOTP\Ecommerce\src\Components\Register\Register.jsx">
        <metrics statements="22" coveredstatements="10" conditionals="10" coveredconditionals="5" methods="6" coveredmethods="2"/>
        <line num="7" count="1" type="stmt"/>
        <line num="8" count="3" type="stmt"/>
        <line num="9" count="3" type="stmt"/>
        <line num="10" count="3" type="stmt"/>
        <line num="11" count="3" type="stmt"/>
        <line num="13" count="3" type="stmt"/>
        <line num="14" count="3" type="stmt"/>
        <line num="15" count="3" type="stmt"/>
        <line num="17" count="3" type="stmt"/>
        <line num="18" count="0" type="stmt"/>
        <line num="20" count="0" type="stmt"/>
        <line num="21" count="0" type="cond" truecount="0" falsecount="2"/>
        <line num="22" count="0" type="stmt"/>
        <line num="23" count="0" type="stmt"/>
        <line num="26" count="0" type="stmt"/>
        <line num="27" count="0" type="stmt"/>
        <line num="29" count="0" type="cond" truecount="0" falsecount="2"/>
        <line num="30" count="0" type="stmt"/>
        <line num="36" count="3" type="stmt"/>
        <line num="47" count="0" type="stmt"/>
        <line num="58" count="0" type="stmt"/>
        <line num="69" count="0" type="stmt"/>
      </file>
    </package>
    <package name="src.Pages.Admin">
      <metrics statements="31" coveredstatements="21" conditionals="27" coveredconditionals="20" methods="10" coveredmethods="8"/>
      <file name="AdminPanel.jsx" path="C:\Users\Hp\Desktop\BOTP\Ecommerce\src\Pages\Admin\AdminPanel.jsx">
        <metrics statements="31" coveredstatements="21" conditionals="27" coveredconditionals="20" methods="10" coveredmethods="8"/>
        <line num="11" count="2" type="stmt"/>
        <line num="12" count="11" type="stmt"/>
        <line num="18" count="22" type="cond" truecount="1" falsecount="1"/>
        <line num="24" count="22" type="cond" truecount="1" falsecount="1"/>
        <line num="30" count="22" type="cond" truecount="1" falsecount="1"/>
        <line num="32" count="11" type="stmt"/>
        <line num="33" count="11" type="stmt"/>
        <line num="34" count="11" type="stmt"/>
        <line num="35" count="11" type="stmt"/>
        <line num="38" count="11" type="stmt"/>
        <line num="39" count="0" type="stmt"/>
        <line num="40" count="0" type="stmt"/>
        <line num="41" count="0" type="stmt"/>
        <line num="42" count="0" type="stmt"/>
        <line num="44" count="0" type="stmt"/>
        <line num="48" count="11" type="stmt"/>
        <line num="49" count="0" type="stmt"/>
        <line num="50" count="0" type="stmt"/>
        <line num="51" count="0" type="stmt"/>
        <line num="52" count="0" type="stmt"/>
        <line num="54" count="0" type="stmt"/>
        <line num="58" count="11" type="cond" truecount="5" falsecount="0"/>
        <line num="59" count="1" type="stmt"/>
        <line num="66" count="10" type="cond" truecount="5" falsecount="0"/>
        <line num="67" count="1" type="stmt"/>
        <line num="74" count="9" type="cond" truecount="4" falsecount="0"/>
        <line num="75" count="1" type="stmt"/>
        <line num="84" count="8" type="stmt"/>
        <line num="108" count="8" type="stmt"/>
        <line num="138" count="8" type="stmt"/>
        <line num="213" count="8" type="stmt"/>
      </file>
    </package>
    <package name="src.Pages.HelpSupport">
      <metrics statements="18" coveredstatements="18" conditionals="10" coveredconditionals="10" methods="4" coveredmethods="4"/>
      <file name="HelpSupport.jsx" path="C:\Users\Hp\Desktop\BOTP\Ecommerce\src\Pages\HelpSupport\HelpSupport.jsx">
        <metrics statements="18" coveredstatements="18" conditionals="10" coveredconditionals="10" methods="4" coveredmethods="4"/>
        <line num="4" count="1" type="stmt"/>
        <line num="5" count="16" type="stmt"/>
        <line num="6" count="16" type="stmt"/>
        <line num="7" count="16" type="stmt"/>
        <line num="9" count="16" type="stmt"/>
        <line num="10" count="6" type="stmt"/>
        <line num="11" count="6" type="stmt"/>
        <line num="14" count="16" type="stmt"/>
        <line num="15" count="2" type="stmt"/>
        <line num="16" count="2" type="stmt"/>
        <line num="17" count="2" type="cond" truecount="2" falsecount="0"/>
        <line num="18" count="1" type="stmt"/>
        <line num="19" count="1" type="stmt"/>
        <line num="20" count="1" type="stmt"/>
        <line num="22" count="1" type="stmt"/>
        <line num="23" count="1" type="stmt"/>
        <line num="24" count="1" type="stmt"/>
        <line num="27" count="16" type="stmt"/>
      </file>
    </package>
    <package name="src.Pages.Home">
      <metrics statements="11" coveredstatements="11" conditionals="10" coveredconditionals="6" methods="6" coveredmethods="6"/>
      <file name="Home.jsx" path="C:\Users\Hp\Desktop\BOTP\Ecommerce\src\Pages\Home\Home.jsx">
        <metrics statements="11" coveredstatements="11" conditionals="10" coveredconditionals="6" methods="6" coveredmethods="6"/>
        <line num="15" count="1" type="stmt"/>
        <line num="16" count="4" type="stmt"/>
        <line num="17" count="4" type="stmt"/>
        <line num="18" count="4" type="stmt"/>
        <line num="19" count="4" type="stmt"/>
        <line num="20" count="4" type="stmt"/>
        <line num="21" count="4" type="stmt"/>
        <line num="23" count="4" type="stmt"/>
        <line num="24" count="1" type="stmt"/>
        <line num="27" count="4" type="stmt"/>
        <line num="62" count="12" type="stmt"/>
      </file>
    </package>
    <package name="src.Pages.Infosection">
      <metrics statements="4" coveredstatements="4" conditionals="0" coveredconditionals="0" methods="2" coveredmethods="2"/>
      <file name="Infosection.jsx" path="C:\Users\Hp\Desktop\BOTP\Ecommerce\src\Pages\Infosection\Infosection.jsx">
        <metrics statements="4" coveredstatements="4" conditionals="0" coveredconditionals="0" methods="2" coveredmethods="2"/>
        <line num="9" count="1" type="stmt"/>
        <line num="10" count="6" type="stmt"/>
        <line num="33" count="6" type="stmt"/>
        <line num="46" count="24" type="stmt"/>
      </file>
    </package>
    <package name="src.Pages.Shop">
      <metrics statements="16" coveredstatements="13" conditionals="8" coveredconditionals="2" methods="8" coveredmethods="6"/>
      <file name="Shop.jsx" path="C:\Users\Hp\Desktop\BOTP\Ecommerce\src\Pages\Shop\Shop.jsx">
        <metrics statements="16" coveredstatements="13" conditionals="8" coveredconditionals="2" methods="8" coveredmethods="6"/>
        <line num="9" count="2" type="stmt"/>
        <line num="10" count="16" type="stmt"/>
        <line num="11" count="29" type="stmt"/>
        <line num="12" count="16" type="stmt"/>
        <line num="13" count="16" type="stmt"/>
        <line num="15" count="16" type="stmt"/>
        <line num="16" count="13" type="cond" truecount="1" falsecount="1"/>
        <line num="19" count="16" type="stmt"/>
        <line num="20" count="16" type="stmt"/>
        <line num="21" count="0" type="cond" truecount="0" falsecount="2"/>
        <line num="22" count="0" type="cond" truecount="0" falsecount="2"/>
        <line num="23" count="0" type="stmt"/>
        <line num="29" count="16" type="stmt"/>
        <line num="31" count="16" type="stmt"/>
        <line num="47" count="3" type="stmt"/>
        <line num="60" count="13" type="stmt"/>
      </file>
    </package>
    <package name="src.Pages.about">
      <metrics statements="13" coveredstatements="7" conditionals="16" coveredconditionals="2" methods="5" coveredmethods="1"/>
      <file name="TrendingNow.jsx" path="C:\Users\Hp\Desktop\BOTP\Ecommerce\src\Pages\about\TrendingNow.jsx">
        <metrics statements="13" coveredstatements="7" conditionals="16" coveredconditionals="2" methods="5" coveredmethods="1"/>
        <line num="7" count="1" type="stmt"/>
        <line num="8" count="5" type="stmt"/>
        <line num="9" count="5" type="stmt"/>
        <line num="11" count="5" type="cond" truecount="1" falsecount="1"/>
        <line num="12" count="0" type="stmt"/>
        <line num="15" count="5" type="stmt"/>
        <line num="16" count="0" type="stmt"/>
        <line num="17" count="0" type="stmt"/>
        <line num="21" count="5" type="cond" truecount="1" falsecount="1"/>
        <line num="22" count="5" type="stmt"/>
        <line num="29" count="0" type="stmt"/>
        <line num="41" count="0" type="stmt"/>
        <line num="63" count="0" type="stmt"/>
      </file>
    </package>
    <package name="src.Pages.cart">
      <metrics statements="22" coveredstatements="19" conditionals="7" coveredconditionals="7" methods="11" coveredmethods="8"/>
      <file name="Cart.jsx" path="C:\Users\Hp\Desktop\BOTP\Ecommerce\src\Pages\cart\Cart.jsx">
        <metrics statements="22" coveredstatements="19" conditionals="7" coveredconditionals="7" methods="11" coveredmethods="8"/>
        <line num="16" count="1" type="stmt"/>
        <line num="17" count="19" type="stmt"/>
        <line num="18" count="10" type="stmt"/>
        <line num="19" count="10" type="stmt"/>
        <line num="20" count="10" type="stmt"/>
        <line num="21" count="10" type="stmt"/>
        <line num="22" count="10" type="stmt"/>
        <line num="23" count="10" type="stmt"/>
        <line num="24" count="4" type="stmt"/>
        <line num="25" count="4" type="cond" truecount="2" falsecount="0"/>
        <line num="26" count="3" type="stmt"/>
        <line num="30" count="10" type="stmt"/>
        <line num="31" count="9" type="stmt"/>
        <line num="34" count="10" type="stmt"/>
        <line num="52" count="5" type="stmt"/>
        <line num="69" count="1" type="stmt"/>
        <line num="78" count="0" type="stmt"/>
        <line num="89" count="1" type="stmt"/>
        <line num="90" count="1" type="stmt"/>
        <line num="117" count="0" type="stmt"/>
        <line num="129" count="0" type="stmt"/>
        <line num="148" count="1" type="stmt"/>
      </file>
    </package>
    <package name="src.redux">
      <metrics statements="197" coveredstatements="183" conditionals="41" coveredconditionals="23" methods="72" coveredmethods="69"/>
      <file name="AccountSlice.jsx" path="C:\Users\Hp\Desktop\BOTP\Ecommerce\src\redux\AccountSlice.jsx">
        <metrics statements="34" coveredstatements="30" conditionals="10" coveredconditionals="6" methods="12" coveredmethods="11"/>
        <line num="5" count="1" type="stmt"/>
        <line num="6" count="6" type="stmt"/>
        <line num="7" count="6" type="stmt"/>
        <line num="8" count="5" type="stmt"/>
        <line num="10" count="5" type="cond" truecount="2" falsecount="0"/>
        <line num="14" count="1" type="stmt"/>
        <line num="17" count="2" type="stmt"/>
        <line num="18" count="2" type="stmt"/>
        <line num="19" count="1" type="stmt"/>
        <line num="21" count="1" type="cond" truecount="1" falsecount="1"/>
        <line num="27" count="1" type="stmt"/>
        <line num="30" count="3" type="stmt"/>
        <line num="31" count="3" type="stmt"/>
        <line num="32" count="3" type="cond" truecount="0" falsecount="2"/>
        <line num="33" count="0" type="stmt"/>
        <line num="35" count="0" type="stmt"/>
        <line num="36" count="0" type="stmt"/>
        <line num="38" count="3" type="cond" truecount="2" falsecount="0"/>
        <line num="43" count="1" type="stmt"/>
        <line num="52" count="1" type="stmt"/>
        <line num="53" count="1" type="stmt"/>
        <line num="54" count="1" type="stmt"/>
        <line num="58" count="1" type="stmt"/>
        <line num="60" count="6" type="stmt"/>
        <line num="63" count="1" type="stmt"/>
        <line num="64" count="1" type="stmt"/>
        <line num="67" count="5" type="stmt"/>
        <line num="68" count="5" type="stmt"/>
        <line num="71" count="1" type="stmt"/>
        <line num="73" count="1" type="stmt"/>
        <line num="76" count="0" type="stmt"/>
        <line num="78" count="3" type="stmt"/>
        <line num="79" count="3" type="cond" truecount="1" falsecount="1"/>
        <line num="84" count="1" type="stmt"/>
      </file>
      <file name="CartSlice.jsx" path="C:\Users\Hp\Desktop\BOTP\Ecommerce\src\redux\CartSlice.jsx">
        <metrics statements="42" coveredstatements="41" conditionals="14" coveredconditionals="10" methods="15" coveredmethods="15"/>
        <line num="3" count="4" type="stmt"/>
        <line num="9" count="4" type="stmt"/>
        <line num="10" count="4" type="cond" truecount="1" falsecount="1"/>
        <line num="11" count="4" type="stmt"/>
        <line num="13" count="4" type="cond" truecount="1" falsecount="1"/>
        <line num="14" count="0" type="stmt"/>
        <line num="16" count="4" type="stmt"/>
        <line num="21" count="1" type="stmt"/>
        <line num="22" count="1" type="stmt"/>
        <line num="23" count="2" type="stmt"/>
        <line num="28" count="2" type="stmt"/>
        <line num="29" count="2" type="stmt"/>
        <line num="30" count="1" type="stmt"/>
        <line num="33" count="2" type="cond" truecount="2" falsecount="0"/>
        <line num="34" count="1" type="stmt"/>
        <line num="35" count="1" type="stmt"/>
        <line num="37" count="1" type="stmt"/>
        <line num="47" count="2" type="stmt"/>
        <line num="48" count="2" type="stmt"/>
        <line num="52" count="2" type="stmt"/>
        <line num="53" count="2" type="stmt"/>
        <line num="54" count="2" type="cond" truecount="1" falsecount="1"/>
        <line num="55" count="2" type="stmt"/>
        <line num="56" count="2" type="stmt"/>
        <line num="57" count="2" type="stmt"/>
        <line num="61" count="1" type="stmt"/>
        <line num="62" count="1" type="stmt"/>
        <line num="63" count="1" type="cond" truecount="1" falsecount="1"/>
        <line num="64" count="1" type="stmt"/>
        <line num="65" count="1" type="stmt"/>
        <line num="66" count="1" type="stmt"/>
        <line num="67" count="1" type="stmt"/>
        <line num="71" count="3" type="stmt"/>
        <line num="72" count="3" type="stmt"/>
        <line num="73" count="3" type="cond" truecount="4" falsecount="0"/>
        <line num="74" count="2" type="stmt"/>
        <line num="75" count="2" type="stmt"/>
        <line num="76" count="2" type="stmt"/>
        <line num="77" count="2" type="stmt"/>
        <line num="82" count="4" type="stmt"/>
        <line num="85" count="1" type="stmt"/>
        <line num="91" count="4" type="stmt"/>
      </file>
      <file name="OrderSlice.js" path="C:\Users\Hp\Desktop\BOTP\Ecommerce\src\redux\OrderSlice.js">
        <metrics statements="40" coveredstatements="35" conditionals="2" coveredconditionals="0" methods="15" coveredmethods="14"/>
        <line num="5" count="3" type="stmt"/>
        <line num="6" count="1" type="stmt"/>
        <line num="7" count="1" type="stmt"/>
        <line num="11" count="3" type="stmt"/>
        <line num="12" count="2" type="stmt"/>
        <line num="13" count="2" type="stmt"/>
        <line num="14" count="1" type="stmt"/>
        <line num="17" count="1" type="stmt"/>
        <line num="20" count="3" type="stmt"/>
        <line num="21" count="2" type="stmt"/>
        <line num="22" count="2" type="stmt"/>
        <line num="23" count="1" type="stmt"/>
        <line num="25" count="1" type="stmt"/>
        <line num="28" count="3" type="stmt"/>
        <line num="31" count="0" type="stmt"/>
        <line num="38" count="0" type="stmt"/>
        <line num="39" count="0" type="cond" truecount="0" falsecount="2"/>
        <line num="40" count="0" type="stmt"/>
        <line num="43" count="0" type="stmt"/>
        <line num="47" count="3" type="stmt"/>
        <line num="57" count="1" type="stmt"/>
        <line num="60" count="1" type="stmt"/>
        <line num="64" count="1" type="stmt"/>
        <line num="66" count="3" type="stmt"/>
        <line num="67" count="3" type="stmt"/>
        <line num="70" count="1" type="stmt"/>
        <line num="71" count="1" type="stmt"/>
        <line num="74" count="1" type="stmt"/>
        <line num="75" count="1" type="stmt"/>
        <line num="77" count="2" type="stmt"/>
        <line num="78" count="2" type="stmt"/>
        <line num="81" count="1" type="stmt"/>
        <line num="82" count="1" type="stmt"/>
        <line num="85" count="1" type="stmt"/>
        <line num="86" count="1" type="stmt"/>
        <line num="88" count="1" type="stmt"/>
        <line num="89" count="1" type="stmt"/>
        <line num="92" count="1" type="stmt"/>
        <line num="93" count="1" type="stmt"/>
        <line num="120" count="3" type="stmt"/>
      </file>
      <file name="ProductSlice.jsx" path="C:\Users\Hp\Desktop\BOTP\Ecommerce\src\redux\ProductSlice.jsx">
        <metrics statements="34" coveredstatements="31" conditionals="7" coveredconditionals="2" methods="15" coveredmethods="14"/>
        <line num="5" count="6" type="stmt"/>
        <line num="6" count="2" type="stmt"/>
        <line num="7" count="1" type="stmt"/>
        <line num="11" count="6" type="stmt"/>
        <line num="12" count="1" type="stmt"/>
        <line num="13" count="1" type="stmt"/>
        <line num="20" count="6" type="stmt"/>
        <line num="21" count="1" type="stmt"/>
        <line num="22" count="1" type="stmt"/>
        <line num="26" count="6" type="stmt"/>
        <line num="27" count="1" type="stmt"/>
        <line num="28" count="1" type="stmt"/>
        <line num="32" count="6" type="stmt"/>
        <line num="33" count="31" type="cond" truecount="2" falsecount="1"/>
        <line num="34" count="31" type="stmt"/>
        <line num="35" count="0" type="cond" truecount="0" falsecount="2"/>
        <line num="36" count="0" type="stmt"/>
        <line num="39" count="0" type="cond" truecount="0" falsecount="2"/>
        <line num="44" count="6" type="stmt"/>
        <line num="56" count="6" type="stmt"/>
        <line num="61" count="1" type="stmt"/>
        <line num="64" count="1" type="stmt"/>
        <line num="67" count="1" type="stmt"/>
        <line num="70" count="1" type="stmt"/>
        <line num="73" count="1" type="stmt"/>
        <line num="77" count="1" type="stmt"/>
        <line num="79" count="2" type="stmt"/>
        <line num="80" count="2" type="stmt"/>
        <line num="83" count="1" type="stmt"/>
        <line num="84" count="1" type="stmt"/>
        <line num="85" count="1" type="stmt"/>
        <line num="88" count="1" type="stmt"/>
        <line num="89" count="1" type="stmt"/>
        <line num="95" count="6" type="stmt"/>
      </file>
      <file name="UserSlice.jsx" path="C:\Users\Hp\Desktop\BOTP\Ecommerce\src\redux\UserSlice.jsx">
        <metrics statements="13" coveredstatements="13" conditionals="0" coveredconditionals="0" methods="5" coveredmethods="5"/>
        <line num="4" count="3" type="stmt"/>
        <line num="5" count="2" type="stmt"/>
        <line num="6" count="2" type="stmt"/>
        <line num="7" count="1" type="stmt"/>
        <line num="9" count="1" type="stmt"/>
        <line num="13" count="3" type="stmt"/>
        <line num="22" count="1" type="stmt"/>
        <line num="24" count="3" type="stmt"/>
        <line num="25" count="3" type="stmt"/>
        <line num="28" count="2" type="stmt"/>
        <line num="29" count="2" type="stmt"/>
        <line num="32" count="2" type="stmt"/>
        <line num="33" count="2" type="stmt"/>
      </file>
      <file name="authSlice.js" path="C:\Users\Hp\Desktop\BOTP\Ecommerce\src\redux\authSlice.js">
        <metrics statements="34" coveredstatements="33" conditionals="8" coveredconditionals="5" methods="10" coveredmethods="10"/>
        <line num="4" count="2" type="stmt"/>
        <line num="5" count="2" type="stmt"/>
        <line num="6" count="2" type="stmt"/>
        <line num="11" count="1" type="stmt"/>
        <line num="13" count="1" type="stmt"/>
        <line num="17" count="2" type="stmt"/>
        <line num="18" count="3" type="stmt"/>
        <line num="19" count="3" type="stmt"/>
        <line num="20" count="2" type="stmt"/>
        <line num="21" count="2" type="cond" truecount="3" falsecount="1"/>
        <line num="22" count="0" type="stmt"/>
        <line num="24" count="2" type="stmt"/>
        <line num="27" count="1" type="stmt"/>
        <line num="31" count="2" type="stmt"/>
        <line num="41" count="1" type="stmt"/>
        <line num="42" count="1" type="stmt"/>
        <line num="46" count="2" type="stmt"/>
        <line num="48" count="2" type="stmt"/>
        <line num="49" count="2" type="stmt"/>
        <line num="52" count="1" type="stmt"/>
        <line num="53" count="1" type="stmt"/>
        <line num="54" count="1" type="stmt"/>
        <line num="55" count="1" type="stmt"/>
        <line num="58" count="1" type="stmt"/>
        <line num="59" count="1" type="cond" truecount="1" falsecount="1"/>
        <line num="62" count="3" type="stmt"/>
        <line num="63" count="3" type="stmt"/>
        <line num="66" count="2" type="stmt"/>
        <line num="67" count="2" type="stmt"/>
        <line num="68" count="2" type="stmt"/>
        <line num="69" count="2" type="stmt"/>
        <line num="72" count="1" type="stmt"/>
        <line num="73" count="1" type="cond" truecount="1" falsecount="1"/>
        <line num="78" count="2" type="stmt"/>
      </file>
    </package>
    <package name="src.utils">
      <metrics statements="58" coveredstatements="58" conditionals="43" coveredconditionals="41" methods="11" coveredmethods="11"/>
      <file name="Toaster.jsx" path="C:\Users\Hp\Desktop\BOTP\Ecommerce\src\utils\Toaster.jsx">
        <metrics statements="2" coveredstatements="2" conditionals="0" coveredconditionals="0" methods="1" coveredmethods="1"/>
        <line num="5" count="1" type="stmt"/>
        <line num="6" count="4" type="stmt"/>
      </file>
      <file name="Utils.jsx" path="C:\Users\Hp\Desktop\BOTP\Ecommerce\src\utils\Utils.jsx">
        <metrics statements="13" coveredstatements="13" conditionals="5" coveredconditionals="3" methods="6" coveredmethods="6"/>
        <line num="3" count="2" type="cond" truecount="2" falsecount="1"/>
        <line num="4" count="5" type="stmt"/>
        <line num="6" count="5" type="stmt"/>
        <line num="7" count="2" type="stmt"/>
        <line num="10" count="5" type="stmt"/>
        <line num="11" count="2" type="stmt"/>
        <line num="13" count="2" type="cond" truecount="1" falsecount="1"/>
        <line num="14" count="2" type="stmt"/>
        <line num="18" count="5" type="stmt"/>
        <line num="19" count="3" type="stmt"/>
        <line num="20" count="3" type="stmt"/>
        <line num="23" count="5" type="stmt"/>
        <line num="25" count="5" type="stmt"/>
      </file>
      <file name="Validation.js" path="C:\Users\Hp\Desktop\BOTP\Ecommerce\src\utils\Validation.js">
        <metrics statements="43" coveredstatements="43" conditionals="38" coveredconditionals="38" methods="4" coveredmethods="4"/>
        <line num="3" count="2" type="stmt"/>
        <line num="4" count="6" type="cond" truecount="2" falsecount="0"/>
        <line num="5" count="1" type="stmt"/>
        <line num="8" count="5" type="cond" truecount="2" falsecount="0"/>
        <line num="9" count="1" type="stmt"/>
        <line num="12" count="4" type="stmt"/>
        <line num="13" count="4" type="cond" truecount="2" falsecount="0"/>
        <line num="14" count="1" type="stmt"/>
        <line num="17" count="3" type="cond" truecount="2" falsecount="0"/>
        <line num="18" count="1" type="stmt"/>
        <line num="21" count="2" type="cond" truecount="2" falsecount="0"/>
        <line num="22" count="1" type="stmt"/>
        <line num="25" count="1" type="stmt"/>
        <line num="29" count="2" type="stmt"/>
        <line num="30" count="4" type="cond" truecount="2" falsecount="0"/>
        <line num="31" count="1" type="stmt"/>
        <line num="34" count="3" type="stmt"/>
        <line num="35" count="3" type="cond" truecount="2" falsecount="0"/>
        <line num="36" count="1" type="stmt"/>
        <line num="39" count="2" type="cond" truecount="2" falsecount="0"/>
        <line num="40" count="1" type="stmt"/>
        <line num="43" count="1" type="stmt"/>
        <line num="47" count="2" type="stmt"/>
        <line num="48" count="5" type="stmt"/>
        <line num="50" count="5" type="cond" truecount="2" falsecount="0"/>
        <line num="51" count="1" type="stmt"/>
        <line num="54" count="5" type="cond" truecount="2" falsecount="0"/>
        <line num="55" count="1" type="stmt"/>
        <line num="56" count="4" type="cond" truecount="2" falsecount="0"/>
        <line num="59" count="1" type="stmt"/>
        <line num="62" count="5" type="cond" truecount="2" falsecount="0"/>
        <line num="63" count="1" type="stmt"/>
        <line num="66" count="5" type="stmt"/>
        <line num="70" count="2" type="stmt"/>
        <line num="71" count="8" type="stmt"/>
        <line num="74" count="8" type="cond" truecount="2" falsecount="0"/>
        <line num="75" count="8" type="cond" truecount="2" falsecount="0"/>
        <line num="76" count="8" type="cond" truecount="2" falsecount="0"/>
        <line num="79" count="8" type="cond" truecount="2" falsecount="0"/>
        <line num="80" count="8" type="cond" truecount="2" falsecount="0"/>
        <line num="81" count="8" type="cond" truecount="2" falsecount="0"/>
        <line num="84" count="8" type="cond" truecount="2" falsecount="0"/>
        <line num="86" count="8" type="stmt"/>
      </file>
    </package>
  </project>
</coverage>
