{"C:\\Users\\Hp\\Desktop\\BOTP\\Ecommerce\\src\\App.jsx": {"path":"C:\\Users\\Hp\\Desktop\\BOTP\\Ecommerce\\src\\App.jsx","statementMap":{"0":{"start":{"line":10,"column":11},"end":{"line":21,"column":1}},"1":{"start":{"line":11,"column":28},"end":{"line":11,"column":42}},"2":{"start":{"line":13,"column":2},"end":{"line":20,"column":4}}},"fnMap":{"0":{"name":"(anonymous_0)","decl":{"start":{"line":10,"column":11},"end":{"line":10,"column":12}},"loc":{"start":{"line":10,"column":16},"end":{"line":21,"column":1}},"line":10}},"branchMap":{},"s":{"0":1,"1":5,"2":5},"f":{"0":5},"b":{},"_coverageSchema":"1a1c01bbd47fc00a2c39e90264f33305004495a9","hash":"5e3776abaf2fca1a370ed99a680d68a7d9873f18"}
,"C:\\Users\\Hp\\Desktop\\BOTP\\Ecommerce\\src\\Components\\AppRoutes.jsx": {"path":"C:\\Users\\Hp\\Desktop\\BOTP\\Ecommerce\\src\\Components\\AppRoutes.jsx","statementMap":{"0":{"start":{"line":4,"column":13},"end":{"line":4,"column":53}},"1":{"start":{"line":4,"column":24},"end":{"line":4,"column":52}},"2":{"start":{"line":5,"column":13},"end":{"line":5,"column":53}},"3":{"start":{"line":5,"column":24},"end":{"line":5,"column":52}},"4":{"start":{"line":6,"column":13},"end":{"line":6,"column":53}},"5":{"start":{"line":6,"column":24},"end":{"line":6,"column":52}},"6":{"start":{"line":7,"column":17},"end":{"line":7,"column":64}},"7":{"start":{"line":7,"column":28},"end":{"line":7,"column":63}},"8":{"start":{"line":8,"column":19},"end":{"line":8,"column":60}},"9":{"start":{"line":8,"column":30},"end":{"line":8,"column":59}},"10":{"start":{"line":9,"column":26},"end":{"line":11,"column":1}},"11":{"start":{"line":10,"column":2},"end":{"line":10,"column":54}},"12":{"start":{"line":12,"column":22},"end":{"line":14,"column":1}},"13":{"start":{"line":13,"column":2},"end":{"line":13,"column":48}},"14":{"start":{"line":15,"column":22},"end":{"line":15,"column":71}},"15":{"start":{"line":15,"column":33},"end":{"line":15,"column":70}},"16":{"start":{"line":16,"column":20},"end":{"line":16,"column":74}},"17":{"start":{"line":16,"column":31},"end":{"line":16,"column":73}},"18":{"start":{"line":17,"column":20},"end":{"line":17,"column":68}},"19":{"start":{"line":17,"column":31},"end":{"line":17,"column":67}},"20":{"start":{"line":18,"column":18},"end":{"line":18,"column":68}},"21":{"start":{"line":18,"column":29},"end":{"line":18,"column":67}},"22":{"start":{"line":19,"column":14},"end":{"line":19,"column":61}},"23":{"start":{"line":19,"column":25},"end":{"line":19,"column":60}},"24":{"start":{"line":20,"column":16},"end":{"line":20,"column":62}},"25":{"start":{"line":20,"column":27},"end":{"line":20,"column":61}},"26":{"start":{"line":23,"column":18},"end":{"line":56,"column":1}},"27":{"start":{"line":24,"column":15},"end":{"line":24,"column":59}},"28":{"start":{"line":26,"column":2},"end":{"line":55,"column":4}}},"fnMap":{"0":{"name":"(anonymous_0)","decl":{"start":{"line":4,"column":18},"end":{"line":4,"column":19}},"loc":{"start":{"line":4,"column":24},"end":{"line":4,"column":52}},"line":4},"1":{"name":"(anonymous_1)","decl":{"start":{"line":5,"column":18},"end":{"line":5,"column":19}},"loc":{"start":{"line":5,"column":24},"end":{"line":5,"column":52}},"line":5},"2":{"name":"(anonymous_2)","decl":{"start":{"line":6,"column":18},"end":{"line":6,"column":19}},"loc":{"start":{"line":6,"column":24},"end":{"line":6,"column":52}},"line":6},"3":{"name":"(anonymous_3)","decl":{"start":{"line":7,"column":22},"end":{"line":7,"column":23}},"loc":{"start":{"line":7,"column":28},"end":{"line":7,"column":63}},"line":7},"4":{"name":"(anonymous_4)","decl":{"start":{"line":8,"column":24},"end":{"line":8,"column":25}},"loc":{"start":{"line":8,"column":30},"end":{"line":8,"column":59}},"line":8},"5":{"name":"(anonymous_5)","decl":{"start":{"line":9,"column":31},"end":{"line":9,"column":32}},"loc":{"start":{"line":10,"column":2},"end":{"line":10,"column":54}},"line":10},"6":{"name":"(anonymous_6)","decl":{"start":{"line":12,"column":27},"end":{"line":12,"column":28}},"loc":{"start":{"line":13,"column":2},"end":{"line":13,"column":48}},"line":13},"7":{"name":"(anonymous_7)","decl":{"start":{"line":15,"column":27},"end":{"line":15,"column":28}},"loc":{"start":{"line":15,"column":33},"end":{"line":15,"column":70}},"line":15},"8":{"name":"(anonymous_8)","decl":{"start":{"line":16,"column":25},"end":{"line":16,"column":26}},"loc":{"start":{"line":16,"column":31},"end":{"line":16,"column":73}},"line":16},"9":{"name":"(anonymous_9)","decl":{"start":{"line":17,"column":25},"end":{"line":17,"column":26}},"loc":{"start":{"line":17,"column":31},"end":{"line":17,"column":67}},"line":17},"10":{"name":"(anonymous_10)","decl":{"start":{"line":18,"column":23},"end":{"line":18,"column":24}},"loc":{"start":{"line":18,"column":29},"end":{"line":18,"column":67}},"line":18},"11":{"name":"(anonymous_11)","decl":{"start":{"line":19,"column":19},"end":{"line":19,"column":20}},"loc":{"start":{"line":19,"column":25},"end":{"line":19,"column":60}},"line":19},"12":{"name":"(anonymous_12)","decl":{"start":{"line":20,"column":21},"end":{"line":20,"column":22}},"loc":{"start":{"line":20,"column":27},"end":{"line":20,"column":61}},"line":20},"13":{"name":"(anonymous_13)","decl":{"start":{"line":23,"column":18},"end":{"line":23,"column":19}},"loc":{"start":{"line":23,"column":43},"end":{"line":56,"column":1}},"line":23}},"branchMap":{"0":{"loc":{"start":{"line":38,"column":9},"end":{"line":38,"column":58}},"type":"binary-expr","locations":[{"start":{"line":38,"column":9},"end":{"line":38,"column":13}},{"start":{"line":38,"column":17},"end":{"line":38,"column":58}}],"line":38},"1":{"loc":{"start":{"line":39,"column":9},"end":{"line":41,"column":9}},"type":"binary-expr","locations":[{"start":{"line":39,"column":9},"end":{"line":39,"column":13}},{"start":{"line":40,"column":10},"end":{"line":40,"column":79}}],"line":39}},"s":{"0":1,"1":1,"2":1,"3":0,"4":1,"5":0,"6":1,"7":0,"8":1,"9":0,"10":1,"11":0,"12":1,"13":0,"14":1,"15":0,"16":1,"17":0,"18":1,"19":0,"20":1,"21":0,"22":1,"23":0,"24":1,"25":0,"26":1,"27":3,"28":3},"f":{"0":1,"1":0,"2":0,"3":0,"4":0,"5":0,"6":0,"7":0,"8":0,"9":0,"10":0,"11":0,"12":0,"13":3},"b":{"0":[3,1],"1":[3,1]},"_coverageSchema":"1a1c01bbd47fc00a2c39e90264f33305004495a9","hash":"122d2f545181d5d8244de0ad1a59aaa78c0a96db"}
,"C:\\Users\\Hp\\Desktop\\BOTP\\Ecommerce\\src\\Components\\ChangeAddress\\ChangeAddress.jsx": {"path":"C:\\Users\\Hp\\Desktop\\BOTP\\Ecommerce\\src\\Components\\ChangeAddress\\ChangeAddress.jsx","statementMap":{"0":{"start":{"line":3,"column":22},"end":{"line":25,"column":1}},"1":{"start":{"line":4,"column":35},"end":{"line":4,"column":47}},"2":{"start":{"line":8,"column":16},"end":{"line":11,"column":3}},"3":{"start":{"line":9,"column":4},"end":{"line":9,"column":26}},"4":{"start":{"line":10,"column":4},"end":{"line":10,"column":25}},"5":{"start":{"line":12,"column":2},"end":{"line":24,"column":3}},"6":{"start":{"line":17,"column":23},"end":{"line":17,"column":52}},"7":{"start":{"line":20,"column":92},"end":{"line":20,"column":113}}},"fnMap":{"0":{"name":"(anonymous_0)","decl":{"start":{"line":3,"column":22},"end":{"line":3,"column":23}},"loc":{"start":{"line":3,"column":55},"end":{"line":25,"column":1}},"line":3},"1":{"name":"(anonymous_1)","decl":{"start":{"line":8,"column":16},"end":{"line":8,"column":17}},"loc":{"start":{"line":8,"column":20},"end":{"line":11,"column":3}},"line":8},"2":{"name":"(anonymous_2)","decl":{"start":{"line":17,"column":18},"end":{"line":17,"column":19}},"loc":{"start":{"line":17,"column":23},"end":{"line":17,"column":52}},"line":17},"3":{"name":"(anonymous_3)","decl":{"start":{"line":20,"column":88},"end":{"line":20,"column":89}},"loc":{"start":{"line":20,"column":92},"end":{"line":20,"column":113}},"line":20}},"branchMap":{},"s":{"0":2,"1":6,"2":6,"3":1,"4":1,"5":6,"6":2,"7":1},"f":{"0":6,"1":1,"2":2,"3":1},"b":{},"_coverageSchema":"1a1c01bbd47fc00a2c39e90264f33305004495a9","hash":"314e9d8c2825881797eddf5dd7870fa4a3256499"}
,"C:\\Users\\Hp\\Desktop\\BOTP\\Ecommerce\\src\\Components\\Footer\\Footer.jsx": {"path":"C:\\Users\\Hp\\Desktop\\BOTP\\Ecommerce\\src\\Components\\Footer\\Footer.jsx","statementMap":{"0":{"start":{"line":5,"column":15},"end":{"line":85,"column":1}},"1":{"start":{"line":6,"column":22},"end":{"line":6,"column":46}},"2":{"start":{"line":7,"column":28},"end":{"line":7,"column":40}},"3":{"start":{"line":8,"column":2},"end":{"line":84,"column":4}},"4":{"start":{"line":63,"column":31},"end":{"line":63,"column":55}}},"fnMap":{"0":{"name":"(anonymous_0)","decl":{"start":{"line":5,"column":15},"end":{"line":5,"column":16}},"loc":{"start":{"line":5,"column":21},"end":{"line":85,"column":1}},"line":5},"1":{"name":"(anonymous_1)","decl":{"start":{"line":63,"column":24},"end":{"line":63,"column":25}},"loc":{"start":{"line":63,"column":31},"end":{"line":63,"column":55}},"line":63}},"branchMap":{},"s":{"0":1,"1":7,"2":7,"3":7,"4":1},"f":{"0":7,"1":1},"b":{},"_coverageSchema":"1a1c01bbd47fc00a2c39e90264f33305004495a9","hash":"b5ae7de9cfd7afd87dfb6077b015504a0fef3a4e"}
,"C:\\Users\\Hp\\Desktop\\BOTP\\Ecommerce\\src\\Components\\Login\\Login.jsx": {"path":"C:\\Users\\Hp\\Desktop\\BOTP\\Ecommerce\\src\\Components\\Login\\Login.jsx","statementMap":{"0":{"start":{"line":7,"column":14},"end":{"line":120,"column":1}},"1":{"start":{"line":8,"column":28},"end":{"line":8,"column":40}},"2":{"start":{"line":9,"column":34},"end":{"line":9,"column":46}},"3":{"start":{"line":10,"column":48},"end":{"line":10,"column":60}},"4":{"start":{"line":11,"column":19},"end":{"line":11,"column":32}},"5":{"start":{"line":12,"column":19},"end":{"line":12,"column":32}},"6":{"start":{"line":14,"column":51},"end":{"line":16,"column":3}},"7":{"start":{"line":15,"column":15},"end":{"line":15,"column":25}},"8":{"start":{"line":19,"column":2},"end":{"line":27,"column":23}},"9":{"start":{"line":20,"column":4},"end":{"line":26,"column":5}},"10":{"start":{"line":21,"column":6},"end":{"line":25,"column":7}},"11":{"start":{"line":22,"column":8},"end":{"line":22,"column":32}},"12":{"start":{"line":24,"column":8},"end":{"line":24,"column":22}},"13":{"start":{"line":29,"column":22},"end":{"line":62,"column":3}},"14":{"start":{"line":30,"column":4},"end":{"line":30,"column":23}},"15":{"start":{"line":33,"column":25},"end":{"line":33,"column":63}},"16":{"start":{"line":34,"column":4},"end":{"line":37,"column":5}},"17":{"start":{"line":35,"column":6},"end":{"line":35,"column":39}},"18":{"start":{"line":36,"column":6},"end":{"line":36,"column":13}},"19":{"start":{"line":39,"column":4},"end":{"line":39,"column":27}},"20":{"start":{"line":42,"column":4},"end":{"line":61,"column":5}},"21":{"start":{"line":43,"column":23},"end":{"line":43,"column":65}},"22":{"start":{"line":44,"column":27},"end":{"line":44,"column":49}},"23":{"start":{"line":46,"column":6},"end":{"line":58,"column":7}},"24":{"start":{"line":47,"column":8},"end":{"line":47,"column":67}},"25":{"start":{"line":49,"column":8},"end":{"line":49,"column":21}},"26":{"start":{"line":51,"column":8},"end":{"line":55,"column":9}},"27":{"start":{"line":52,"column":10},"end":{"line":52,"column":34}},"28":{"start":{"line":54,"column":10},"end":{"line":54,"column":24}},"29":{"start":{"line":57,"column":8},"end":{"line":57,"column":75}},"30":{"start":{"line":60,"column":6},"end":{"line":60,"column":66}},"31":{"start":{"line":64,"column":2},"end":{"line":119,"column":4}},"32":{"start":{"line":76,"column":29},"end":{"line":76,"column":53}},"33":{"start":{"line":90,"column":29},"end":{"line":90,"column":56}}},"fnMap":{"0":{"name":"(anonymous_0)","decl":{"start":{"line":7,"column":14},"end":{"line":7,"column":15}},"loc":{"start":{"line":7,"column":46},"end":{"line":120,"column":1}},"line":7},"1":{"name":"(anonymous_1)","decl":{"start":{"line":15,"column":4},"end":{"line":15,"column":5}},"loc":{"start":{"line":15,"column":15},"end":{"line":15,"column":25}},"line":15},"2":{"name":"(anonymous_2)","decl":{"start":{"line":19,"column":12},"end":{"line":19,"column":13}},"loc":{"start":{"line":19,"column":18},"end":{"line":27,"column":3}},"line":19},"3":{"name":"(anonymous_3)","decl":{"start":{"line":29,"column":22},"end":{"line":29,"column":23}},"loc":{"start":{"line":29,"column":35},"end":{"line":62,"column":3}},"line":29},"4":{"name":"(anonymous_4)","decl":{"start":{"line":76,"column":22},"end":{"line":76,"column":23}},"loc":{"start":{"line":76,"column":29},"end":{"line":76,"column":53}},"line":76},"5":{"name":"(anonymous_5)","decl":{"start":{"line":90,"column":22},"end":{"line":90,"column":23}},"loc":{"start":{"line":90,"column":29},"end":{"line":90,"column":56}},"line":90}},"branchMap":{"0":{"loc":{"start":{"line":20,"column":4},"end":{"line":26,"column":5}},"type":"if","locations":[{"start":{"line":20,"column":4},"end":{"line":26,"column":5}},{"start":{},"end":{}}],"line":20},"1":{"loc":{"start":{"line":21,"column":6},"end":{"line":25,"column":7}},"type":"if","locations":[{"start":{"line":21,"column":6},"end":{"line":25,"column":7}},{"start":{"line":23,"column":13},"end":{"line":25,"column":7}}],"line":21},"2":{"loc":{"start":{"line":34,"column":4},"end":{"line":37,"column":5}},"type":"if","locations":[{"start":{"line":34,"column":4},"end":{"line":37,"column":5}},{"start":{},"end":{}}],"line":34},"3":{"loc":{"start":{"line":46,"column":6},"end":{"line":58,"column":7}},"type":"if","locations":[{"start":{"line":46,"column":6},"end":{"line":58,"column":7}},{"start":{"line":56,"column":13},"end":{"line":58,"column":7}}],"line":46},"4":{"loc":{"start":{"line":51,"column":8},"end":{"line":55,"column":9}},"type":"if","locations":[{"start":{"line":51,"column":8},"end":{"line":55,"column":9}},{"start":{"line":53,"column":15},"end":{"line":55,"column":9}}],"line":51},"5":{"loc":{"start":{"line":97,"column":9},"end":{"line":97,"column":77}},"type":"binary-expr","locations":[{"start":{"line":97,"column":9},"end":{"line":97,"column":24}},{"start":{"line":97,"column":28},"end":{"line":97,"column":77}}],"line":97},"6":{"loc":{"start":{"line":98,"column":9},"end":{"line":98,"column":50}},"type":"binary-expr","locations":[{"start":{"line":98,"column":9},"end":{"line":98,"column":29}},{"start":{"line":98,"column":33},"end":{"line":98,"column":50}}],"line":98},"7":{"loc":{"start":{"line":99,"column":9},"end":{"line":99,"column":57}},"type":"binary-expr","locations":[{"start":{"line":99,"column":9},"end":{"line":99,"column":14}},{"start":{"line":99,"column":18},"end":{"line":99,"column":57}}],"line":99}},"s":{"0":1,"1":16,"2":16,"3":16,"4":16,"5":16,"6":16,"7":2,"8":16,"9":7,"10":1,"11":1,"12":0,"13":16,"14":3,"15":3,"16":3,"17":1,"18":1,"19":2,"20":2,"21":2,"22":2,"23":2,"24":1,"25":1,"26":1,"27":0,"28":1,"29":1,"30":0,"31":16,"32":2,"33":2},"f":{"0":16,"1":2,"2":7,"3":3,"4":2,"5":2},"b":{"0":[1,6],"1":[1,0],"2":[1,2],"3":[1,1],"4":[0,1],"5":[16,2],"6":[16,15],"7":[16,2]},"_coverageSchema":"1a1c01bbd47fc00a2c39e90264f33305004495a9","hash":"4c1836b2e7c4edee8f5f2fda318539181bebbb7e"}
,"C:\\Users\\Hp\\Desktop\\BOTP\\Ecommerce\\src\\Components\\Modal\\Modal.jsx": {"path":"C:\\Users\\Hp\\Desktop\\BOTP\\Ecommerce\\src\\Components\\Modal\\Modal.jsx","statementMap":{"0":{"start":{"line":3,"column":14},"end":{"line":20,"column":1}},"1":{"start":{"line":4,"column":2},"end":{"line":4,"column":32}},"2":{"start":{"line":4,"column":20},"end":{"line":4,"column":32}},"3":{"start":{"line":6,"column":2},"end":{"line":19,"column":4}},"4":{"start":{"line":12,"column":25},"end":{"line":12,"column":46}}},"fnMap":{"0":{"name":"(anonymous_0)","decl":{"start":{"line":3,"column":14},"end":{"line":3,"column":15}},"loc":{"start":{"line":3,"column":61},"end":{"line":20,"column":1}},"line":3},"1":{"name":"(anonymous_1)","decl":{"start":{"line":12,"column":19},"end":{"line":12,"column":20}},"loc":{"start":{"line":12,"column":25},"end":{"line":12,"column":46}},"line":12}},"branchMap":{"0":{"loc":{"start":{"line":4,"column":2},"end":{"line":4,"column":32}},"type":"if","locations":[{"start":{"line":4,"column":2},"end":{"line":4,"column":32}},{"start":{},"end":{}}],"line":4}},"s":{"0":2,"1":8,"2":6,"3":2,"4":1},"f":{"0":8,"1":1},"b":{"0":[6,2]},"_coverageSchema":"1a1c01bbd47fc00a2c39e90264f33305004495a9","hash":"f535ef019720db3df8ec8cb3d9e516c362f5797b"}
,"C:\\Users\\Hp\\Desktop\\BOTP\\Ecommerce\\src\\Components\\Navbar\\Navbar.jsx": {"path":"C:\\Users\\Hp\\Desktop\\BOTP\\Ecommerce\\src\\Components\\Navbar\\Navbar.jsx","statementMap":{"0":{"start":{"line":17,"column":15},"end":{"line":289,"column":1}},"1":{"start":{"line":18,"column":15},"end":{"line":18,"column":49}},"2":{"start":{"line":18,"column":38},"end":{"line":18,"column":48}},"3":{"start":{"line":19,"column":19},"end":{"line":19,"column":62}},"4":{"start":{"line":19,"column":42},"end":{"line":19,"column":61}},"5":{"start":{"line":20,"column":40},"end":{"line":20,"column":55}},"6":{"start":{"line":21,"column":38},"end":{"line":21,"column":52}},"7":{"start":{"line":22,"column":30},"end":{"line":22,"column":64}},"8":{"start":{"line":22,"column":53},"end":{"line":22,"column":63}},"9":{"start":{"line":23,"column":38},"end":{"line":23,"column":53}},"10":{"start":{"line":25,"column":4},"end":{"line":26,"column":44}},"11":{"start":{"line":25,"column":27},"end":{"line":25,"column":42}},"12":{"start":{"line":27,"column":2},"end":{"line":27,"column":20}},"13":{"start":{"line":29,"column":19},"end":{"line":29,"column":32}},"14":{"start":{"line":30,"column":19},"end":{"line":30,"column":32}},"15":{"start":{"line":32,"column":21},"end":{"line":35,"column":3}},"16":{"start":{"line":33,"column":4},"end":{"line":33,"column":25}},"17":{"start":{"line":34,"column":4},"end":{"line":34,"column":25}},"18":{"start":{"line":36,"column":21},"end":{"line":38,"column":3}},"19":{"start":{"line":37,"column":4},"end":{"line":37,"column":26}},"20":{"start":{"line":39,"column":22},"end":{"line":41,"column":3}},"21":{"start":{"line":40,"column":4},"end":{"line":40,"column":23}},"22":{"start":{"line":42,"column":20},"end":{"line":45,"column":3}},"23":{"start":{"line":43,"column":4},"end":{"line":43,"column":24}},"24":{"start":{"line":44,"column":4},"end":{"line":44,"column":25}},"25":{"start":{"line":47,"column":2},"end":{"line":52,"column":17}},"26":{"start":{"line":48,"column":23},"end":{"line":48,"column":63}},"27":{"start":{"line":49,"column":4},"end":{"line":51,"column":5}},"28":{"start":{"line":50,"column":6},"end":{"line":50,"column":36}},"29":{"start":{"line":54,"column":2},"end":{"line":56,"column":13}},"30":{"start":{"line":55,"column":4},"end":{"line":55,"column":55}},"31":{"start":{"line":58,"column":18},"end":{"line":58,"column":65}},"32":{"start":{"line":59,"column":23},"end":{"line":65,"column":3}},"33":{"start":{"line":60,"column":4},"end":{"line":60,"column":36}},"34":{"start":{"line":61,"column":4},"end":{"line":61,"column":55}},"35":{"start":{"line":62,"column":4},"end":{"line":62,"column":25}},"36":{"start":{"line":63,"column":4},"end":{"line":63,"column":18}},"37":{"start":{"line":67,"column":2},"end":{"line":288,"column":4}},"38":{"start":{"line":87,"column":14},"end":{"line":91,"column":15}},"39":{"start":{"line":88,"column":16},"end":{"line":88,"column":34}},"40":{"start":{"line":90,"column":16},"end":{"line":90,"column":28}},"41":{"start":{"line":127,"column":25},"end":{"line":127,"column":51}},"42":{"start":{"line":138,"column":27},"end":{"line":138,"column":47}},"43":{"start":{"line":145,"column":27},"end":{"line":145,"column":47}},"44":{"start":{"line":152,"column":27},"end":{"line":152,"column":47}},"45":{"start":{"line":159,"column":27},"end":{"line":159,"column":47}},"46":{"start":{"line":168,"column":29},"end":{"line":168,"column":49}},"47":{"start":{"line":176,"column":27},"end":{"line":176,"column":47}},"48":{"start":{"line":185,"column":29},"end":{"line":185,"column":49}},"49":{"start":{"line":195,"column":14},"end":{"line":195,"column":35}},"50":{"start":{"line":196,"column":14},"end":{"line":197,"column":31}},"51":{"start":{"line":196,"column":27},"end":{"line":196,"column":45}},"52":{"start":{"line":197,"column":19},"end":{"line":197,"column":31}},"53":{"start":{"line":262,"column":29},"end":{"line":262,"column":49}}},"fnMap":{"0":{"name":"(anonymous_0)","decl":{"start":{"line":17,"column":15},"end":{"line":17,"column":16}},"loc":{"start":{"line":17,"column":21},"end":{"line":289,"column":1}},"line":17},"1":{"name":"(anonymous_1)","decl":{"start":{"line":18,"column":27},"end":{"line":18,"column":28}},"loc":{"start":{"line":18,"column":38},"end":{"line":18,"column":48}},"line":18},"2":{"name":"(anonymous_2)","decl":{"start":{"line":19,"column":31},"end":{"line":19,"column":32}},"loc":{"start":{"line":19,"column":42},"end":{"line":19,"column":61}},"line":19},"3":{"name":"(anonymous_3)","decl":{"start":{"line":22,"column":42},"end":{"line":22,"column":43}},"loc":{"start":{"line":22,"column":53},"end":{"line":22,"column":63}},"line":22},"4":{"name":"(anonymous_4)","decl":{"start":{"line":25,"column":16},"end":{"line":25,"column":17}},"loc":{"start":{"line":25,"column":27},"end":{"line":25,"column":42}},"line":25},"5":{"name":"(anonymous_5)","decl":{"start":{"line":32,"column":21},"end":{"line":32,"column":22}},"loc":{"start":{"line":32,"column":27},"end":{"line":35,"column":3}},"line":32},"6":{"name":"(anonymous_6)","decl":{"start":{"line":36,"column":21},"end":{"line":36,"column":22}},"loc":{"start":{"line":36,"column":27},"end":{"line":38,"column":3}},"line":36},"7":{"name":"(anonymous_7)","decl":{"start":{"line":39,"column":22},"end":{"line":39,"column":23}},"loc":{"start":{"line":39,"column":31},"end":{"line":41,"column":3}},"line":39},"8":{"name":"(anonymous_8)","decl":{"start":{"line":42,"column":20},"end":{"line":42,"column":21}},"loc":{"start":{"line":42,"column":26},"end":{"line":45,"column":3}},"line":42},"9":{"name":"(anonymous_9)","decl":{"start":{"line":47,"column":12},"end":{"line":47,"column":13}},"loc":{"start":{"line":47,"column":18},"end":{"line":52,"column":3}},"line":47},"10":{"name":"(anonymous_10)","decl":{"start":{"line":54,"column":12},"end":{"line":54,"column":13}},"loc":{"start":{"line":54,"column":18},"end":{"line":56,"column":3}},"line":54},"11":{"name":"(anonymous_11)","decl":{"start":{"line":59,"column":23},"end":{"line":59,"column":24}},"loc":{"start":{"line":59,"column":29},"end":{"line":65,"column":3}},"line":59},"12":{"name":"(anonymous_12)","decl":{"start":{"line":86,"column":21},"end":{"line":86,"column":22}},"loc":{"start":{"line":86,"column":27},"end":{"line":92,"column":13}},"line":86},"13":{"name":"(anonymous_13)","decl":{"start":{"line":127,"column":19},"end":{"line":127,"column":20}},"loc":{"start":{"line":127,"column":25},"end":{"line":127,"column":51}},"line":127},"14":{"name":"(anonymous_14)","decl":{"start":{"line":138,"column":21},"end":{"line":138,"column":22}},"loc":{"start":{"line":138,"column":27},"end":{"line":138,"column":47}},"line":138},"15":{"name":"(anonymous_15)","decl":{"start":{"line":145,"column":21},"end":{"line":145,"column":22}},"loc":{"start":{"line":145,"column":27},"end":{"line":145,"column":47}},"line":145},"16":{"name":"(anonymous_16)","decl":{"start":{"line":152,"column":21},"end":{"line":152,"column":22}},"loc":{"start":{"line":152,"column":27},"end":{"line":152,"column":47}},"line":152},"17":{"name":"(anonymous_17)","decl":{"start":{"line":159,"column":21},"end":{"line":159,"column":22}},"loc":{"start":{"line":159,"column":27},"end":{"line":159,"column":47}},"line":159},"18":{"name":"(anonymous_18)","decl":{"start":{"line":168,"column":23},"end":{"line":168,"column":24}},"loc":{"start":{"line":168,"column":29},"end":{"line":168,"column":49}},"line":168},"19":{"name":"(anonymous_19)","decl":{"start":{"line":176,"column":21},"end":{"line":176,"column":22}},"loc":{"start":{"line":176,"column":27},"end":{"line":176,"column":47}},"line":176},"20":{"name":"(anonymous_20)","decl":{"start":{"line":185,"column":23},"end":{"line":185,"column":24}},"loc":{"start":{"line":185,"column":29},"end":{"line":185,"column":49}},"line":185},"21":{"name":"(anonymous_21)","decl":{"start":{"line":194,"column":21},"end":{"line":194,"column":22}},"loc":{"start":{"line":194,"column":27},"end":{"line":198,"column":13}},"line":194},"22":{"name":"(anonymous_22)","decl":{"start":{"line":262,"column":23},"end":{"line":262,"column":24}},"loc":{"start":{"line":262,"column":29},"end":{"line":262,"column":49}},"line":262}},"branchMap":{"0":{"loc":{"start":{"line":25,"column":4},"end":{"line":26,"column":44}},"type":"binary-expr","locations":[{"start":{"line":25,"column":4},"end":{"line":25,"column":43}},{"start":{"line":26,"column":4},"end":{"line":26,"column":44}}],"line":25},"1":{"loc":{"start":{"line":49,"column":4},"end":{"line":51,"column":5}},"type":"if","locations":[{"start":{"line":49,"column":4},"end":{"line":51,"column":5}},{"start":{},"end":{}}],"line":49},"2":{"loc":{"start":{"line":58,"column":18},"end":{"line":58,"column":65}},"type":"binary-expr","locations":[{"start":{"line":58,"column":18},"end":{"line":58,"column":33}},{"start":{"line":58,"column":37},"end":{"line":58,"column":65}}],"line":58},"3":{"loc":{"start":{"line":87,"column":14},"end":{"line":91,"column":15}},"type":"if","locations":[{"start":{"line":87,"column":14},"end":{"line":91,"column":15}},{"start":{"line":89,"column":21},"end":{"line":91,"column":15}}],"line":87},"4":{"loc":{"start":{"line":96,"column":13},"end":{"line":100,"column":13}},"type":"binary-expr","locations":[{"start":{"line":96,"column":13},"end":{"line":96,"column":32}},{"start":{"line":97,"column":14},"end":{"line":99,"column":21}}],"line":96},"5":{"loc":{"start":{"line":103,"column":11},"end":{"line":122,"column":11}},"type":"cond-expr","locations":[{"start":{"line":104,"column":12},"end":{"line":114,"column":18}},{"start":{"line":116,"column":12},"end":{"line":121,"column":21}}],"line":103},"6":{"loc":{"start":{"line":130,"column":11},"end":{"line":130,"column":48}},"type":"cond-expr","locations":[{"start":{"line":130,"column":24},"end":{"line":130,"column":35}},{"start":{"line":130,"column":38},"end":{"line":130,"column":48}}],"line":130},"7":{"loc":{"start":{"line":134,"column":7},"end":{"line":215,"column":7}},"type":"binary-expr","locations":[{"start":{"line":134,"column":7},"end":{"line":134,"column":17}},{"start":{"line":135,"column":8},"end":{"line":214,"column":14}}],"line":134},"8":{"loc":{"start":{"line":165,"column":11},"end":{"line":173,"column":11}},"type":"binary-expr","locations":[{"start":{"line":165,"column":12},"end":{"line":165,"column":27}},{"start":{"line":165,"column":31},"end":{"line":165,"column":59}},{"start":{"line":166,"column":12},"end":{"line":172,"column":19}}],"line":165},"9":{"loc":{"start":{"line":182,"column":11},"end":{"line":190,"column":11}},"type":"binary-expr","locations":[{"start":{"line":182,"column":11},"end":{"line":182,"column":33}},{"start":{"line":183,"column":12},"end":{"line":189,"column":19}}],"line":182},"10":{"loc":{"start":{"line":196,"column":14},"end":{"line":197,"column":31}},"type":"if","locations":[{"start":{"line":196,"column":14},"end":{"line":197,"column":31}},{"start":{"line":197,"column":19},"end":{"line":197,"column":31}}],"line":196},"11":{"loc":{"start":{"line":205,"column":11},"end":{"line":213,"column":11}},"type":"cond-expr","locations":[{"start":{"line":206,"column":12},"end":{"line":208,"column":21}},{"start":{"line":210,"column":12},"end":{"line":212,"column":21}}],"line":205},"12":{"loc":{"start":{"line":245,"column":11},"end":{"line":252,"column":11}},"type":"binary-expr","locations":[{"start":{"line":245,"column":12},"end":{"line":245,"column":27}},{"start":{"line":245,"column":31},"end":{"line":245,"column":59}},{"start":{"line":246,"column":12},"end":{"line":251,"column":19}}],"line":245},"13":{"loc":{"start":{"line":259,"column":11},"end":{"line":267,"column":11}},"type":"binary-expr","locations":[{"start":{"line":259,"column":11},"end":{"line":259,"column":33}},{"start":{"line":260,"column":12},"end":{"line":266,"column":19}}],"line":259},"14":{"loc":{"start":{"line":273,"column":9},"end":{"line":285,"column":9}},"type":"cond-expr","locations":[{"start":{"line":274,"column":10},"end":{"line":278,"column":12}},{"start":{"line":280,"column":10},"end":{"line":284,"column":12}}],"line":273}},"s":{"0":1,"1":12,"2":22,"3":12,"4":22,"5":12,"6":12,"7":12,"8":22,"9":12,"10":12,"11":22,"12":12,"13":12,"14":12,"15":12,"16":0,"17":0,"18":12,"19":0,"20":12,"21":0,"22":12,"23":2,"24":2,"25":12,"26":10,"27":10,"28":0,"29":12,"30":10,"31":12,"32":12,"33":1,"34":1,"35":1,"36":1,"37":12,"38":2,"39":1,"40":1,"41":0,"42":0,"43":0,"44":0,"45":0,"46":0,"47":0,"48":0,"49":0,"50":0,"51":0,"52":0,"53":0},"f":{"0":12,"1":22,"2":22,"3":22,"4":22,"5":0,"6":0,"7":0,"8":2,"9":10,"10":10,"11":1,"12":2,"13":0,"14":0,"15":0,"16":0,"17":0,"18":0,"19":0,"20":0,"21":0,"22":0},"b":{"0":[12,12],"1":[0,10],"2":[12,11],"3":[1,1],"4":[12,12],"5":[2,10],"6":[0,12],"7":[12,0],"8":[0,0,0],"9":[0,0],"10":[0,0],"11":[0,0],"12":[12,11,3],"13":[12,0],"14":[12,0]},"_coverageSchema":"1a1c01bbd47fc00a2c39e90264f33305004495a9","hash":"845e3841aa698b174ba5249d424055e84b1fae46"}
,"C:\\Users\\Hp\\Desktop\\BOTP\\Ecommerce\\src\\Components\\ProductCard\\ProductCard.jsx": {"path":"C:\\Users\\Hp\\Desktop\\BOTP\\Ecommerce\\src\\Components\\ProductCard\\ProductCard.jsx","statementMap":{"0":{"start":{"line":9,"column":20},"end":{"line":79,"column":1}},"1":{"start":{"line":10,"column":19},"end":{"line":10,"column":32}},"2":{"start":{"line":11,"column":20},"end":{"line":11,"column":63}},"3":{"start":{"line":11,"column":43},"end":{"line":11,"column":62}},"4":{"start":{"line":13,"column":26},"end":{"line":24,"column":3}},"5":{"start":{"line":14,"column":4},"end":{"line":14,"column":24}},"6":{"start":{"line":15,"column":4},"end":{"line":15,"column":23}},"7":{"start":{"line":16,"column":25},"end":{"line":16,"column":73}},"8":{"start":{"line":16,"column":50},"end":{"line":16,"column":72}},"9":{"start":{"line":17,"column":4},"end":{"line":17,"column":33}},"10":{"start":{"line":19,"column":4},"end":{"line":23,"column":5}},"11":{"start":{"line":20,"column":6},"end":{"line":20,"column":45}},"12":{"start":{"line":22,"column":6},"end":{"line":22,"column":45}},"13":{"start":{"line":26,"column":2},"end":{"line":78,"column":4}},"14":{"start":{"line":51,"column":16},"end":{"line":60,"column":18}},"15":{"start":{"line":71,"column":28},"end":{"line":71,"column":55}}},"fnMap":{"0":{"name":"(anonymous_0)","decl":{"start":{"line":9,"column":20},"end":{"line":9,"column":21}},"loc":{"start":{"line":9,"column":46},"end":{"line":79,"column":1}},"line":9},"1":{"name":"(anonymous_1)","decl":{"start":{"line":11,"column":32},"end":{"line":11,"column":33}},"loc":{"start":{"line":11,"column":43},"end":{"line":11,"column":62}},"line":11},"2":{"name":"(anonymous_2)","decl":{"start":{"line":13,"column":26},"end":{"line":13,"column":27}},"loc":{"start":{"line":13,"column":42},"end":{"line":24,"column":3}},"line":13},"3":{"name":"(anonymous_3)","decl":{"start":{"line":16,"column":40},"end":{"line":16,"column":41}},"loc":{"start":{"line":16,"column":50},"end":{"line":16,"column":72}},"line":16},"4":{"name":"(anonymous_4)","decl":{"start":{"line":50,"column":33},"end":{"line":50,"column":34}},"loc":{"start":{"line":51,"column":16},"end":{"line":60,"column":18}},"line":51},"5":{"name":"(anonymous_5)","decl":{"start":{"line":71,"column":21},"end":{"line":71,"column":22}},"loc":{"start":{"line":71,"column":28},"end":{"line":71,"column":55}},"line":71}},"branchMap":{"0":{"loc":{"start":{"line":19,"column":4},"end":{"line":23,"column":5}},"type":"if","locations":[{"start":{"line":19,"column":4},"end":{"line":23,"column":5}},{"start":{"line":21,"column":11},"end":{"line":23,"column":5}}],"line":19},"1":{"loc":{"start":{"line":56,"column":20},"end":{"line":58,"column":39}},"type":"cond-expr","locations":[{"start":{"line":57,"column":24},"end":{"line":57,"column":41}},{"start":{"line":58,"column":24},"end":{"line":58,"column":39}}],"line":56},"2":{"loc":{"start":{"line":56,"column":39},"end":{"line":56,"column":64}},"type":"binary-expr","locations":[{"start":{"line":56,"column":39},"end":{"line":56,"column":59}},{"start":{"line":56,"column":63},"end":{"line":56,"column":64}}],"line":56},"3":{"loc":{"start":{"line":64,"column":16},"end":{"line":64,"column":44}},"type":"binary-expr","locations":[{"start":{"line":64,"column":16},"end":{"line":64,"column":37}},{"start":{"line":64,"column":41},"end":{"line":64,"column":44}}],"line":64}},"s":{"0":1,"1":8,"2":8,"3":8,"4":8,"5":4,"6":4,"7":4,"8":1,"9":4,"10":4,"11":1,"12":3,"13":8,"14":40,"15":4},"f":{"0":8,"1":8,"2":4,"3":1,"4":40,"5":4},"b":{"0":[1,3],"1":[32,8],"2":[40,5],"3":[8,1]},"_coverageSchema":"1a1c01bbd47fc00a2c39e90264f33305004495a9","hash":"9801eb389707ce47dcb12349e6b50429126c1fdc"}
,"C:\\Users\\Hp\\Desktop\\BOTP\\Ecommerce\\src\\Components\\Register\\Register.jsx": {"path":"C:\\Users\\Hp\\Desktop\\BOTP\\Ecommerce\\src\\Components\\Register\\Register.jsx","statementMap":{"0":{"start":{"line":7,"column":17},"end":{"line":90,"column":1}},"1":{"start":{"line":8,"column":26},"end":{"line":8,"column":38}},"2":{"start":{"line":9,"column":28},"end":{"line":9,"column":40}},"3":{"start":{"line":10,"column":34},"end":{"line":10,"column":46}},"4":{"start":{"line":11,"column":48},"end":{"line":11,"column":60}},"5":{"start":{"line":13,"column":19},"end":{"line":13,"column":32}},"6":{"start":{"line":14,"column":28},"end":{"line":14,"column":62}},"7":{"start":{"line":14,"column":51},"end":{"line":14,"column":61}},"8":{"start":{"line":15,"column":19},"end":{"line":15,"column":32}},"9":{"start":{"line":17,"column":25},"end":{"line":34,"column":3}},"10":{"start":{"line":18,"column":4},"end":{"line":18,"column":23}},"11":{"start":{"line":20,"column":25},"end":{"line":20,"column":72}},"12":{"start":{"line":21,"column":4},"end":{"line":24,"column":5}},"13":{"start":{"line":22,"column":6},"end":{"line":22,"column":39}},"14":{"start":{"line":23,"column":6},"end":{"line":23,"column":13}},"15":{"start":{"line":26,"column":4},"end":{"line":26,"column":27}},"16":{"start":{"line":27,"column":19},"end":{"line":27,"column":70}},"17":{"start":{"line":29,"column":4},"end":{"line":33,"column":5}},"18":{"start":{"line":30,"column":6},"end":{"line":30,"column":24}},"19":{"start":{"line":36,"column":2},"end":{"line":89,"column":4}},"20":{"start":{"line":47,"column":29},"end":{"line":47,"column":52}},"21":{"start":{"line":58,"column":29},"end":{"line":58,"column":53}},"22":{"start":{"line":69,"column":29},"end":{"line":69,"column":56}}},"fnMap":{"0":{"name":"(anonymous_0)","decl":{"start":{"line":7,"column":17},"end":{"line":7,"column":18}},"loc":{"start":{"line":7,"column":50},"end":{"line":90,"column":1}},"line":7},"1":{"name":"(anonymous_1)","decl":{"start":{"line":14,"column":40},"end":{"line":14,"column":41}},"loc":{"start":{"line":14,"column":51},"end":{"line":14,"column":61}},"line":14},"2":{"name":"(anonymous_2)","decl":{"start":{"line":17,"column":25},"end":{"line":17,"column":26}},"loc":{"start":{"line":17,"column":38},"end":{"line":34,"column":3}},"line":17},"3":{"name":"(anonymous_3)","decl":{"start":{"line":47,"column":22},"end":{"line":47,"column":23}},"loc":{"start":{"line":47,"column":29},"end":{"line":47,"column":52}},"line":47},"4":{"name":"(anonymous_4)","decl":{"start":{"line":58,"column":22},"end":{"line":58,"column":23}},"loc":{"start":{"line":58,"column":29},"end":{"line":58,"column":53}},"line":58},"5":{"name":"(anonymous_5)","decl":{"start":{"line":69,"column":22},"end":{"line":69,"column":23}},"loc":{"start":{"line":69,"column":29},"end":{"line":69,"column":56}},"line":69}},"branchMap":{"0":{"loc":{"start":{"line":21,"column":4},"end":{"line":24,"column":5}},"type":"if","locations":[{"start":{"line":21,"column":4},"end":{"line":24,"column":5}},{"start":{},"end":{}}],"line":21},"1":{"loc":{"start":{"line":29,"column":4},"end":{"line":33,"column":5}},"type":"if","locations":[{"start":{"line":29,"column":4},"end":{"line":33,"column":5}},{"start":{},"end":{}}],"line":29},"2":{"loc":{"start":{"line":75,"column":9},"end":{"line":75,"column":77}},"type":"binary-expr","locations":[{"start":{"line":75,"column":9},"end":{"line":75,"column":24}},{"start":{"line":75,"column":28},"end":{"line":75,"column":77}}],"line":75},"3":{"loc":{"start":{"line":76,"column":9},"end":{"line":76,"column":50}},"type":"binary-expr","locations":[{"start":{"line":76,"column":9},"end":{"line":76,"column":29}},{"start":{"line":76,"column":33},"end":{"line":76,"column":50}}],"line":76},"4":{"loc":{"start":{"line":77,"column":9},"end":{"line":77,"column":57}},"type":"binary-expr","locations":[{"start":{"line":77,"column":9},"end":{"line":77,"column":14}},{"start":{"line":77,"column":18},"end":{"line":77,"column":57}}],"line":77}},"s":{"0":1,"1":3,"2":3,"3":3,"4":3,"5":3,"6":3,"7":1,"8":3,"9":3,"10":0,"11":0,"12":0,"13":0,"14":0,"15":0,"16":0,"17":0,"18":0,"19":3,"20":0,"21":0,"22":0},"f":{"0":3,"1":1,"2":0,"3":0,"4":0,"5":0},"b":{"0":[0,0],"1":[0,0],"2":[3,0],"3":[3,3],"4":[3,1]},"_coverageSchema":"1a1c01bbd47fc00a2c39e90264f33305004495a9","hash":"1bca21f001ef106f81573484530fa0d2f9fb5331"}
,"C:\\Users\\Hp\\Desktop\\BOTP\\Ecommerce\\src\\Pages\\Admin\\AdminPanel.jsx": {"path":"C:\\Users\\Hp\\Desktop\\BOTP\\Ecommerce\\src\\Pages\\Admin\\AdminPanel.jsx","statementMap":{"0":{"start":{"line":11,"column":19},"end":{"line":232,"column":1}},"1":{"start":{"line":12,"column":19},"end":{"line":12,"column":32}},"2":{"start":{"line":18,"column":6},"end":{"line":18,"column":47}},"3":{"start":{"line":18,"column":29},"end":{"line":18,"column":46}},"4":{"start":{"line":24,"column":6},"end":{"line":24,"column":46}},"5":{"start":{"line":24,"column":29},"end":{"line":24,"column":45}},"6":{"start":{"line":30,"column":6},"end":{"line":30,"column":49}},"7":{"start":{"line":30,"column":29},"end":{"line":30,"column":48}},"8":{"start":{"line":32,"column":2},"end":{"line":36,"column":17}},"9":{"start":{"line":33,"column":4},"end":{"line":33,"column":31}},"10":{"start":{"line":34,"column":4},"end":{"line":34,"column":30}},"11":{"start":{"line":35,"column":4},"end":{"line":35,"column":30}},"12":{"start":{"line":38,"column":30},"end":{"line":46,"column":3}},"13":{"start":{"line":39,"column":4},"end":{"line":45,"column":5}},"14":{"start":{"line":40,"column":6},"end":{"line":40,"column":73}},"15":{"start":{"line":41,"column":6},"end":{"line":41,"column":50}},"16":{"start":{"line":42,"column":6},"end":{"line":42,"column":32}},"17":{"start":{"line":44,"column":6},"end":{"line":44,"column":54}},"18":{"start":{"line":48,"column":30},"end":{"line":56,"column":3}},"19":{"start":{"line":49,"column":4},"end":{"line":55,"column":5}},"20":{"start":{"line":50,"column":6},"end":{"line":50,"column":56}},"21":{"start":{"line":51,"column":6},"end":{"line":51,"column":50}},"22":{"start":{"line":52,"column":6},"end":{"line":52,"column":32}},"23":{"start":{"line":54,"column":6},"end":{"line":54,"column":54}},"24":{"start":{"line":58,"column":2},"end":{"line":64,"column":3}},"25":{"start":{"line":59,"column":4},"end":{"line":63,"column":6}},"26":{"start":{"line":66,"column":2},"end":{"line":72,"column":3}},"27":{"start":{"line":67,"column":4},"end":{"line":71,"column":6}},"28":{"start":{"line":74,"column":2},"end":{"line":82,"column":3}},"29":{"start":{"line":75,"column":4},"end":{"line":81,"column":6}},"30":{"start":{"line":84,"column":2},"end":{"line":231,"column":4}},"31":{"start":{"line":108,"column":14},"end":{"line":191,"column":19}},"32":{"start":{"line":138,"column":22},"end":{"line":187,"column":28}},"33":{"start":{"line":213,"column":14},"end":{"line":225,"column":19}}},"fnMap":{"0":{"name":"(anonymous_0)","decl":{"start":{"line":11,"column":19},"end":{"line":11,"column":20}},"loc":{"start":{"line":11,"column":25},"end":{"line":232,"column":1}},"line":11},"1":{"name":"(anonymous_1)","decl":{"start":{"line":18,"column":18},"end":{"line":18,"column":19}},"loc":{"start":{"line":18,"column":29},"end":{"line":18,"column":46}},"line":18},"2":{"name":"(anonymous_2)","decl":{"start":{"line":24,"column":18},"end":{"line":24,"column":19}},"loc":{"start":{"line":24,"column":29},"end":{"line":24,"column":45}},"line":24},"3":{"name":"(anonymous_3)","decl":{"start":{"line":30,"column":18},"end":{"line":30,"column":19}},"loc":{"start":{"line":30,"column":29},"end":{"line":30,"column":48}},"line":30},"4":{"name":"(anonymous_4)","decl":{"start":{"line":32,"column":12},"end":{"line":32,"column":13}},"loc":{"start":{"line":32,"column":18},"end":{"line":36,"column":3}},"line":32},"5":{"name":"(anonymous_5)","decl":{"start":{"line":38,"column":30},"end":{"line":38,"column":31}},"loc":{"start":{"line":38,"column":64},"end":{"line":46,"column":3}},"line":38},"6":{"name":"(anonymous_6)","decl":{"start":{"line":48,"column":30},"end":{"line":48,"column":31}},"loc":{"start":{"line":48,"column":51},"end":{"line":56,"column":3}},"line":48},"7":{"name":"(anonymous_7)","decl":{"start":{"line":107,"column":27},"end":{"line":107,"column":28}},"loc":{"start":{"line":108,"column":14},"end":{"line":191,"column":19}},"line":108},"8":{"name":"(anonymous_8)","decl":{"start":{"line":137,"column":40},"end":{"line":137,"column":41}},"loc":{"start":{"line":138,"column":22},"end":{"line":187,"column":28}},"line":138},"9":{"name":"(anonymous_9)","decl":{"start":{"line":212,"column":23},"end":{"line":212,"column":24}},"loc":{"start":{"line":213,"column":14},"end":{"line":225,"column":19}},"line":213}},"branchMap":{"0":{"loc":{"start":{"line":18,"column":29},"end":{"line":18,"column":46}},"type":"binary-expr","locations":[{"start":{"line":18,"column":29},"end":{"line":18,"column":40}},{"start":{"line":18,"column":44},"end":{"line":18,"column":46}}],"line":18},"1":{"loc":{"start":{"line":24,"column":29},"end":{"line":24,"column":45}},"type":"binary-expr","locations":[{"start":{"line":24,"column":29},"end":{"line":24,"column":39}},{"start":{"line":24,"column":43},"end":{"line":24,"column":45}}],"line":24},"2":{"loc":{"start":{"line":30,"column":29},"end":{"line":30,"column":48}},"type":"binary-expr","locations":[{"start":{"line":30,"column":29},"end":{"line":30,"column":42}},{"start":{"line":30,"column":46},"end":{"line":30,"column":48}}],"line":30},"3":{"loc":{"start":{"line":58,"column":2},"end":{"line":64,"column":3}},"type":"if","locations":[{"start":{"line":58,"column":2},"end":{"line":64,"column":3}},{"start":{},"end":{}}],"line":58},"4":{"loc":{"start":{"line":58,"column":6},"end":{"line":58,"column":51}},"type":"binary-expr","locations":[{"start":{"line":58,"column":6},"end":{"line":58,"column":18}},{"start":{"line":58,"column":22},"end":{"line":58,"column":33}},{"start":{"line":58,"column":37},"end":{"line":58,"column":51}}],"line":58},"5":{"loc":{"start":{"line":66,"column":2},"end":{"line":72,"column":3}},"type":"if","locations":[{"start":{"line":66,"column":2},"end":{"line":72,"column":3}},{"start":{},"end":{}}],"line":66},"6":{"loc":{"start":{"line":66,"column":6},"end":{"line":66,"column":45}},"type":"binary-expr","locations":[{"start":{"line":66,"column":6},"end":{"line":66,"column":16}},{"start":{"line":66,"column":20},"end":{"line":66,"column":29}},{"start":{"line":66,"column":33},"end":{"line":66,"column":45}}],"line":66},"7":{"loc":{"start":{"line":69,"column":16},"end":{"line":69,"column":55}},"type":"binary-expr","locations":[{"start":{"line":69,"column":16},"end":{"line":69,"column":26}},{"start":{"line":69,"column":30},"end":{"line":69,"column":39}},{"start":{"line":69,"column":43},"end":{"line":69,"column":55}}],"line":69},"8":{"loc":{"start":{"line":74,"column":2},"end":{"line":82,"column":3}},"type":"if","locations":[{"start":{"line":74,"column":2},"end":{"line":82,"column":3}},{"start":{},"end":{}}],"line":74},"9":{"loc":{"start":{"line":74,"column":6},"end":{"line":74,"column":42}},"type":"binary-expr","locations":[{"start":{"line":74,"column":6},"end":{"line":74,"column":16}},{"start":{"line":74,"column":20},"end":{"line":74,"column":42}}],"line":74},"10":{"loc":{"start":{"line":122,"column":22},"end":{"line":124,"column":53}},"type":"cond-expr","locations":[{"start":{"line":123,"column":26},"end":{"line":123,"column":57}},{"start":{"line":124,"column":26},"end":{"line":124,"column":53}}],"line":122},"11":{"loc":{"start":{"line":223,"column":19},"end":{"line":223,"column":42}},"type":"binary-expr","locations":[{"start":{"line":223,"column":19},"end":{"line":223,"column":28}},{"start":{"line":223,"column":32},"end":{"line":223,"column":42}}],"line":223}},"s":{"0":2,"1":11,"2":11,"3":22,"4":11,"5":22,"6":11,"7":22,"8":11,"9":11,"10":11,"11":11,"12":11,"13":0,"14":0,"15":0,"16":0,"17":0,"18":11,"19":0,"20":0,"21":0,"22":0,"23":0,"24":11,"25":1,"26":10,"27":1,"28":9,"29":1,"30":8,"31":8,"32":8,"33":8},"f":{"0":11,"1":22,"2":22,"3":22,"4":11,"5":0,"6":0,"7":8,"8":8,"9":8},"b":{"0":[22,0],"1":[22,0],"2":[22,0],"3":[1,10],"4":[11,10,10],"5":[1,9],"6":[10,9,9],"7":[1,0,0],"8":[1,8],"9":[9,9],"10":[8,0],"11":[8,0]},"_coverageSchema":"1a1c01bbd47fc00a2c39e90264f33305004495a9","hash":"c86887c1c4a440a9b874c4aec9057b7194f4822b"}
,"C:\\Users\\Hp\\Desktop\\BOTP\\Ecommerce\\src\\Pages\\HelpSupport\\HelpSupport.jsx": {"path":"C:\\Users\\Hp\\Desktop\\BOTP\\Ecommerce\\src\\Pages\\HelpSupport\\HelpSupport.jsx","statementMap":{"0":{"start":{"line":4,"column":20},"end":{"line":131,"column":1}},"1":{"start":{"line":5,"column":34},"end":{"line":5,"column":80}},"2":{"start":{"line":6,"column":36},"end":{"line":6,"column":51}},"3":{"start":{"line":7,"column":30},"end":{"line":7,"column":42}},"4":{"start":{"line":9,"column":23},"end":{"line":12,"column":3}},"5":{"start":{"line":10,"column":26},"end":{"line":10,"column":34}},"6":{"start":{"line":11,"column":4},"end":{"line":11,"column":54}},"7":{"start":{"line":11,"column":27},"end":{"line":11,"column":51}},"8":{"start":{"line":14,"column":23},"end":{"line":25,"column":3}},"9":{"start":{"line":15,"column":4},"end":{"line":15,"column":23}},"10":{"start":{"line":16,"column":29},"end":{"line":16,"column":58}},"11":{"start":{"line":17,"column":4},"end":{"line":21,"column":5}},"12":{"start":{"line":18,"column":6},"end":{"line":18,"column":34}},"13":{"start":{"line":19,"column":6},"end":{"line":19,"column":26}},"14":{"start":{"line":20,"column":6},"end":{"line":20,"column":13}},"15":{"start":{"line":22,"column":4},"end":{"line":22,"column":23}},"16":{"start":{"line":23,"column":4},"end":{"line":23,"column":18}},"17":{"start":{"line":24,"column":4},"end":{"line":24,"column":54}},"18":{"start":{"line":27,"column":2},"end":{"line":130,"column":4}}},"fnMap":{"0":{"name":"(anonymous_0)","decl":{"start":{"line":4,"column":20},"end":{"line":4,"column":21}},"loc":{"start":{"line":4,"column":26},"end":{"line":131,"column":1}},"line":4},"1":{"name":"(anonymous_1)","decl":{"start":{"line":9,"column":23},"end":{"line":9,"column":24}},"loc":{"start":{"line":9,"column":30},"end":{"line":12,"column":3}},"line":9},"2":{"name":"(anonymous_2)","decl":{"start":{"line":11,"column":16},"end":{"line":11,"column":17}},"loc":{"start":{"line":11,"column":27},"end":{"line":11,"column":51}},"line":11},"3":{"name":"(anonymous_3)","decl":{"start":{"line":14,"column":23},"end":{"line":14,"column":24}},"loc":{"start":{"line":14,"column":30},"end":{"line":25,"column":3}},"line":14}},"branchMap":{"0":{"loc":{"start":{"line":17,"column":4},"end":{"line":21,"column":5}},"type":"if","locations":[{"start":{"line":17,"column":4},"end":{"line":21,"column":5}},{"start":{},"end":{}}],"line":17},"1":{"loc":{"start":{"line":82,"column":11},"end":{"line":82,"column":109}},"type":"binary-expr","locations":[{"start":{"line":82,"column":11},"end":{"line":82,"column":20}},{"start":{"line":82,"column":24},"end":{"line":82,"column":109}}],"line":82},"2":{"loc":{"start":{"line":94,"column":15},"end":{"line":94,"column":88}},"type":"binary-expr","locations":[{"start":{"line":94,"column":15},"end":{"line":94,"column":26}},{"start":{"line":94,"column":30},"end":{"line":94,"column":88}}],"line":94},"3":{"loc":{"start":{"line":106,"column":15},"end":{"line":106,"column":90}},"type":"binary-expr","locations":[{"start":{"line":106,"column":15},"end":{"line":106,"column":27}},{"start":{"line":106,"column":31},"end":{"line":106,"column":90}}],"line":106},"4":{"loc":{"start":{"line":118,"column":15},"end":{"line":118,"column":94}},"type":"binary-expr","locations":[{"start":{"line":118,"column":15},"end":{"line":118,"column":29}},{"start":{"line":118,"column":33},"end":{"line":118,"column":94}}],"line":118}},"s":{"0":1,"1":16,"2":16,"3":16,"4":16,"5":6,"6":6,"7":6,"8":16,"9":2,"10":2,"11":2,"12":1,"13":1,"14":1,"15":1,"16":1,"17":1,"18":16},"f":{"0":16,"1":6,"2":6,"3":2},"b":{"0":[1,1],"1":[16,1],"2":[16,1],"3":[16,1],"4":[16,1]},"_coverageSchema":"1a1c01bbd47fc00a2c39e90264f33305004495a9","hash":"06b8b12f2ff51b756155f5f7848429a1d560f7c4"}
,"C:\\Users\\Hp\\Desktop\\BOTP\\Ecommerce\\src\\Pages\\Home\\Home.jsx": {"path":"C:\\Users\\Hp\\Desktop\\BOTP\\Ecommerce\\src\\Pages\\Home\\Home.jsx","statementMap":{"0":{"start":{"line":15,"column":13},"end":{"line":84,"column":1}},"1":{"start":{"line":16,"column":19},"end":{"line":16,"column":32}},"2":{"start":{"line":17,"column":19},"end":{"line":17,"column":65}},"3":{"start":{"line":17,"column":42},"end":{"line":17,"column":64}},"4":{"start":{"line":18,"column":27},"end":{"line":18,"column":62}},"5":{"start":{"line":19,"column":18},"end":{"line":19,"column":63}},"6":{"start":{"line":19,"column":41},"end":{"line":19,"column":62}},"7":{"start":{"line":20,"column":16},"end":{"line":20,"column":59}},"8":{"start":{"line":20,"column":39},"end":{"line":20,"column":58}},"9":{"start":{"line":21,"column":26},"end":{"line":21,"column":69}},"10":{"start":{"line":23,"column":2},"end":{"line":25,"column":17}},"11":{"start":{"line":24,"column":4},"end":{"line":24,"column":30}},"12":{"start":{"line":27,"column":2},"end":{"line":83,"column":4}},"13":{"start":{"line":62,"column":18},"end":{"line":62,"column":82}}},"fnMap":{"0":{"name":"(anonymous_0)","decl":{"start":{"line":15,"column":13},"end":{"line":15,"column":14}},"loc":{"start":{"line":15,"column":19},"end":{"line":84,"column":1}},"line":15},"1":{"name":"(anonymous_1)","decl":{"start":{"line":17,"column":31},"end":{"line":17,"column":32}},"loc":{"start":{"line":17,"column":42},"end":{"line":17,"column":64}},"line":17},"2":{"name":"(anonymous_2)","decl":{"start":{"line":19,"column":30},"end":{"line":19,"column":31}},"loc":{"start":{"line":19,"column":41},"end":{"line":19,"column":62}},"line":19},"3":{"name":"(anonymous_3)","decl":{"start":{"line":20,"column":28},"end":{"line":20,"column":29}},"loc":{"start":{"line":20,"column":39},"end":{"line":20,"column":58}},"line":20},"4":{"name":"(anonymous_4)","decl":{"start":{"line":23,"column":12},"end":{"line":23,"column":13}},"loc":{"start":{"line":23,"column":18},"end":{"line":25,"column":3}},"line":23},"5":{"name":"(anonymous_5)","decl":{"start":{"line":61,"column":49},"end":{"line":61,"column":50}},"loc":{"start":{"line":62,"column":18},"end":{"line":62,"column":82}},"line":62}},"branchMap":{"0":{"loc":{"start":{"line":38,"column":9},"end":{"line":42,"column":9}},"type":"binary-expr","locations":[{"start":{"line":38,"column":9},"end":{"line":38,"column":16}},{"start":{"line":39,"column":10},"end":{"line":41,"column":16}}],"line":38},"1":{"loc":{"start":{"line":43,"column":9},"end":{"line":47,"column":9}},"type":"binary-expr","locations":[{"start":{"line":43,"column":9},"end":{"line":43,"column":14}},{"start":{"line":44,"column":10},"end":{"line":46,"column":16}}],"line":43},"2":{"loc":{"start":{"line":59,"column":13},"end":{"line":69,"column":13}},"type":"cond-expr","locations":[{"start":{"line":60,"column":14},"end":{"line":64,"column":20}},{"start":{"line":66,"column":14},"end":{"line":68,"column":20}}],"line":59},"3":{"loc":{"start":{"line":71,"column":13},"end":{"line":76,"column":15}},"type":"binary-expr","locations":[{"start":{"line":71,"column":13},"end":{"line":71,"column":40}},{"start":{"line":71,"column":45},"end":{"line":71,"column":71}},{"start":{"line":72,"column":14},"end":{"line":72,"column":62}},{"start":{"line":73,"column":16},"end":{"line":75,"column":22}}],"line":71}},"s":{"0":1,"1":4,"2":4,"3":4,"4":4,"5":4,"6":4,"7":4,"8":4,"9":4,"10":4,"11":1,"12":4,"13":12},"f":{"0":4,"1":4,"2":4,"3":4,"4":1,"5":12},"b":{"0":[4,0],"1":[4,0],"2":[4,0],"3":[4,4,4,0]},"_coverageSchema":"1a1c01bbd47fc00a2c39e90264f33305004495a9","hash":"b42c50d1048fb1c8104d5ab25cc98761c8fc7e45"}
,"C:\\Users\\Hp\\Desktop\\BOTP\\Ecommerce\\src\\Pages\\Infosection\\Infosection.jsx": {"path":"C:\\Users\\Hp\\Desktop\\BOTP\\Ecommerce\\src\\Pages\\Infosection\\Infosection.jsx","statementMap":{"0":{"start":{"line":9,"column":20},"end":{"line":58,"column":1}},"1":{"start":{"line":10,"column":20},"end":{"line":31,"column":3}},"2":{"start":{"line":33,"column":2},"end":{"line":57,"column":4}},"3":{"start":{"line":46,"column":10},"end":{"line":53,"column":16}}},"fnMap":{"0":{"name":"(anonymous_0)","decl":{"start":{"line":9,"column":20},"end":{"line":9,"column":21}},"loc":{"start":{"line":9,"column":26},"end":{"line":58,"column":1}},"line":9},"1":{"name":"(anonymous_1)","decl":{"start":{"line":45,"column":23},"end":{"line":45,"column":24}},"loc":{"start":{"line":46,"column":10},"end":{"line":53,"column":16}},"line":46}},"branchMap":{},"s":{"0":1,"1":6,"2":6,"3":24},"f":{"0":6,"1":24},"b":{},"_coverageSchema":"1a1c01bbd47fc00a2c39e90264f33305004495a9","hash":"53d4572647a795869ca6507abd5abf75985ea179"}
,"C:\\Users\\Hp\\Desktop\\BOTP\\Ecommerce\\src\\Pages\\Shop\\Shop.jsx": {"path":"C:\\Users\\Hp\\Desktop\\BOTP\\Ecommerce\\src\\Pages\\Shop\\Shop.jsx","statementMap":{"0":{"start":{"line":9,"column":13},"end":{"line":77,"column":1}},"1":{"start":{"line":10,"column":27},"end":{"line":10,"column":62}},"2":{"start":{"line":11,"column":21},"end":{"line":11,"column":61}},"3":{"start":{"line":11,"column":44},"end":{"line":11,"column":60}},"4":{"start":{"line":12,"column":36},"end":{"line":12,"column":48}},"5":{"start":{"line":13,"column":34},"end":{"line":13,"column":46}},"6":{"start":{"line":15,"column":29},"end":{"line":17,"column":34}},"7":{"start":{"line":16,"column":4},"end":{"line":16,"column":108}},"8":{"start":{"line":16,"column":59},"end":{"line":16,"column":88}},"9":{"start":{"line":19,"column":25},"end":{"line":25,"column":37}},"10":{"start":{"line":20,"column":4},"end":{"line":24,"column":7}},"11":{"start":{"line":21,"column":6},"end":{"line":21,"column":62}},"12":{"start":{"line":21,"column":37},"end":{"line":21,"column":62}},"13":{"start":{"line":22,"column":6},"end":{"line":22,"column":62}},"14":{"start":{"line":22,"column":37},"end":{"line":22,"column":62}},"15":{"start":{"line":23,"column":6},"end":{"line":23,"column":15}},"16":{"start":{"line":29,"column":26},"end":{"line":29,"column":67}},"17":{"start":{"line":31,"column":2},"end":{"line":76,"column":4}},"18":{"start":{"line":47,"column":29},"end":{"line":47,"column":57}},"19":{"start":{"line":60,"column":10},"end":{"line":65,"column":12}}},"fnMap":{"0":{"name":"(anonymous_0)","decl":{"start":{"line":9,"column":13},"end":{"line":9,"column":14}},"loc":{"start":{"line":9,"column":19},"end":{"line":77,"column":1}},"line":9},"1":{"name":"(anonymous_1)","decl":{"start":{"line":11,"column":33},"end":{"line":11,"column":34}},"loc":{"start":{"line":11,"column":44},"end":{"line":11,"column":60}},"line":11},"2":{"name":"(anonymous_2)","decl":{"start":{"line":15,"column":37},"end":{"line":15,"column":38}},"loc":{"start":{"line":15,"column":43},"end":{"line":17,"column":3}},"line":15},"3":{"name":"(anonymous_3)","decl":{"start":{"line":16,"column":46},"end":{"line":16,"column":47}},"loc":{"start":{"line":16,"column":59},"end":{"line":16,"column":88}},"line":16},"4":{"name":"(anonymous_4)","decl":{"start":{"line":19,"column":33},"end":{"line":19,"column":34}},"loc":{"start":{"line":19,"column":39},"end":{"line":25,"column":3}},"line":19},"5":{"name":"(anonymous_5)","decl":{"start":{"line":20,"column":40},"end":{"line":20,"column":41}},"loc":{"start":{"line":20,"column":50},"end":{"line":24,"column":5}},"line":20},"6":{"name":"(anonymous_6)","decl":{"start":{"line":47,"column":22},"end":{"line":47,"column":23}},"loc":{"start":{"line":47,"column":29},"end":{"line":47,"column":57}},"line":47},"7":{"name":"(anonymous_7)","decl":{"start":{"line":59,"column":30},"end":{"line":59,"column":31}},"loc":{"start":{"line":60,"column":10},"end":{"line":65,"column":12}},"line":60}},"branchMap":{"0":{"loc":{"start":{"line":16,"column":11},"end":{"line":16,"column":107}},"type":"cond-expr","locations":[{"start":{"line":16,"column":22},"end":{"line":16,"column":89}},{"start":{"line":16,"column":91},"end":{"line":16,"column":107}}],"line":16},"1":{"loc":{"start":{"line":21,"column":6},"end":{"line":21,"column":62}},"type":"if","locations":[{"start":{"line":21,"column":6},"end":{"line":21,"column":62}},{"start":{},"end":{}}],"line":21},"2":{"loc":{"start":{"line":22,"column":6},"end":{"line":22,"column":62}},"type":"if","locations":[{"start":{"line":22,"column":6},"end":{"line":22,"column":62}},{"start":{},"end":{}}],"line":22},"3":{"loc":{"start":{"line":69,"column":9},"end":{"line":73,"column":9}},"type":"binary-expr","locations":[{"start":{"line":69,"column":9},"end":{"line":69,"column":55}},{"start":{"line":70,"column":10},"end":{"line":72,"column":16}}],"line":69}},"s":{"0":2,"1":16,"2":16,"3":29,"4":16,"5":16,"6":16,"7":13,"8":0,"9":16,"10":16,"11":0,"12":0,"13":0,"14":0,"15":0,"16":16,"17":16,"18":3,"19":13},"f":{"0":16,"1":29,"2":13,"3":0,"4":16,"5":0,"6":3,"7":13},"b":{"0":[0,13],"1":[0,0],"2":[0,0],"3":[16,0]},"_coverageSchema":"1a1c01bbd47fc00a2c39e90264f33305004495a9","hash":"29c049764471d8dfb86d90dce3982cb5ba0768ad"}
,"C:\\Users\\Hp\\Desktop\\BOTP\\Ecommerce\\src\\Pages\\about\\TrendingNow.jsx": {"path":"C:\\Users\\Hp\\Desktop\\BOTP\\Ecommerce\\src\\Pages\\about\\TrendingNow.jsx","statementMap":{"0":{"start":{"line":7,"column":20},"end":{"line":79,"column":1}},"1":{"start":{"line":8,"column":19},"end":{"line":8,"column":32}},"2":{"start":{"line":9,"column":19},"end":{"line":9,"column":54}},"3":{"start":{"line":11,"column":27},"end":{"line":13,"column":16}},"4":{"start":{"line":12,"column":25},"end":{"line":12,"column":49}},"5":{"start":{"line":15,"column":26},"end":{"line":19,"column":3}},"6":{"start":{"line":16,"column":4},"end":{"line":16,"column":33}},"7":{"start":{"line":17,"column":4},"end":{"line":17,"column":67}},"8":{"start":{"line":21,"column":2},"end":{"line":27,"column":3}},"9":{"start":{"line":22,"column":4},"end":{"line":26,"column":6}},"10":{"start":{"line":29,"column":2},"end":{"line":78,"column":4}},"11":{"start":{"line":41,"column":12},"end":{"line":73,"column":18}},"12":{"start":{"line":63,"column":35},"end":{"line":63,"column":59}}},"fnMap":{"0":{"name":"(anonymous_0)","decl":{"start":{"line":7,"column":20},"end":{"line":7,"column":21}},"loc":{"start":{"line":7,"column":26},"end":{"line":79,"column":1}},"line":7},"1":{"name":"(anonymous_1)","decl":{"start":{"line":12,"column":12},"end":{"line":12,"column":13}},"loc":{"start":{"line":12,"column":25},"end":{"line":12,"column":49}},"line":12},"2":{"name":"(anonymous_2)","decl":{"start":{"line":15,"column":26},"end":{"line":15,"column":27}},"loc":{"start":{"line":15,"column":39},"end":{"line":19,"column":3}},"line":15},"3":{"name":"(anonymous_3)","decl":{"start":{"line":40,"column":32},"end":{"line":40,"column":33}},"loc":{"start":{"line":41,"column":12},"end":{"line":73,"column":18}},"line":41},"4":{"name":"(anonymous_4)","decl":{"start":{"line":63,"column":29},"end":{"line":63,"column":30}},"loc":{"start":{"line":63,"column":35},"end":{"line":63,"column":59}},"line":63}},"branchMap":{"0":{"loc":{"start":{"line":11,"column":28},"end":{"line":11,"column":42}},"type":"binary-expr","locations":[{"start":{"line":11,"column":28},"end":{"line":11,"column":36}},{"start":{"line":11,"column":40},"end":{"line":11,"column":42}}],"line":11},"1":{"loc":{"start":{"line":21,"column":2},"end":{"line":27,"column":3}},"type":"if","locations":[{"start":{"line":21,"column":2},"end":{"line":27,"column":3}},{"start":{},"end":{}}],"line":21},"2":{"loc":{"start":{"line":46,"column":21},"end":{"line":46,"column":58}},"type":"binary-expr","locations":[{"start":{"line":46,"column":21},"end":{"line":46,"column":34}},{"start":{"line":46,"column":38},"end":{"line":46,"column":58}}],"line":46},"3":{"loc":{"start":{"line":47,"column":21},"end":{"line":47,"column":53}},"type":"binary-expr","locations":[{"start":{"line":47,"column":21},"end":{"line":47,"column":34}},{"start":{"line":47,"column":38},"end":{"line":47,"column":53}}],"line":47},"4":{"loc":{"start":{"line":52,"column":19},"end":{"line":52,"column":46}},"type":"binary-expr","locations":[{"start":{"line":52,"column":19},"end":{"line":52,"column":32}},{"start":{"line":52,"column":36},"end":{"line":52,"column":46}}],"line":52},"5":{"loc":{"start":{"line":55,"column":19},"end":{"line":55,"column":44}},"type":"binary-expr","locations":[{"start":{"line":55,"column":19},"end":{"line":55,"column":38}},{"start":{"line":55,"column":42},"end":{"line":55,"column":44}}],"line":55},"6":{"loc":{"start":{"line":59,"column":22},"end":{"line":59,"column":73}},"type":"cond-expr","locations":[{"start":{"line":59,"column":52},"end":{"line":59,"column":65}},{"start":{"line":59,"column":68},"end":{"line":59,"column":73}}],"line":59},"7":{"loc":{"start":{"line":70,"column":21},"end":{"line":70,"column":50}},"type":"binary-expr","locations":[{"start":{"line":70,"column":21},"end":{"line":70,"column":41}},{"start":{"line":70,"column":45},"end":{"line":70,"column":50}}],"line":70}},"s":{"0":1,"1":5,"2":5,"3":5,"4":0,"5":5,"6":0,"7":0,"8":5,"9":5,"10":0,"11":0,"12":0},"f":{"0":5,"1":0,"2":0,"3":0,"4":0},"b":{"0":[5,0],"1":[5,0],"2":[0,0],"3":[0,0],"4":[0,0],"5":[0,0],"6":[0,0],"7":[0,0]},"_coverageSchema":"1a1c01bbd47fc00a2c39e90264f33305004495a9","hash":"41374bd22ae2435e309b6b79e7e7b0fb397f85c0"}
,"C:\\Users\\Hp\\Desktop\\BOTP\\Ecommerce\\src\\Pages\\cart\\Cart.jsx": {"path":"C:\\Users\\Hp\\Desktop\\BOTP\\Ecommerce\\src\\Pages\\cart\\Cart.jsx","statementMap":{"0":{"start":{"line":16,"column":13},"end":{"line":158,"column":1}},"1":{"start":{"line":17,"column":15},"end":{"line":17,"column":49}},"2":{"start":{"line":17,"column":38},"end":{"line":17,"column":48}},"3":{"start":{"line":18,"column":17},"end":{"line":18,"column":30}},"4":{"start":{"line":19,"column":32},"end":{"line":19,"column":60}},"5":{"start":{"line":20,"column":40},"end":{"line":20,"column":55}},"6":{"start":{"line":21,"column":19},"end":{"line":21,"column":32}},"7":{"start":{"line":22,"column":19},"end":{"line":22,"column":32}},"8":{"start":{"line":23,"column":2},"end":{"line":28,"column":17}},"9":{"start":{"line":24,"column":23},"end":{"line":24,"column":63}},"10":{"start":{"line":25,"column":4},"end":{"line":27,"column":5}},"11":{"start":{"line":26,"column":6},"end":{"line":26,"column":36}},"12":{"start":{"line":30,"column":2},"end":{"line":32,"column":13}},"13":{"start":{"line":31,"column":4},"end":{"line":31,"column":55}},"14":{"start":{"line":34,"column":2},"end":{"line":157,"column":4}},"15":{"start":{"line":52,"column":18},"end":{"line":96,"column":24}},"16":{"start":{"line":69,"column":41},"end":{"line":69,"column":79}},"17":{"start":{"line":78,"column":41},"end":{"line":78,"column":79}},"18":{"start":{"line":89,"column":26},"end":{"line":89,"column":63}},"19":{"start":{"line":90,"column":26},"end":{"line":90,"column":67}},"20":{"start":{"line":117,"column":31},"end":{"line":117,"column":51}},"21":{"start":{"line":129,"column":31},"end":{"line":129,"column":52}},"22":{"start":{"line":148,"column":19},"end":{"line":148,"column":32}}},"fnMap":{"0":{"name":"(anonymous_0)","decl":{"start":{"line":16,"column":13},"end":{"line":16,"column":14}},"loc":{"start":{"line":16,"column":19},"end":{"line":158,"column":1}},"line":16},"1":{"name":"(anonymous_1)","decl":{"start":{"line":17,"column":27},"end":{"line":17,"column":28}},"loc":{"start":{"line":17,"column":38},"end":{"line":17,"column":48}},"line":17},"2":{"name":"(anonymous_2)","decl":{"start":{"line":23,"column":12},"end":{"line":23,"column":13}},"loc":{"start":{"line":23,"column":18},"end":{"line":28,"column":3}},"line":23},"3":{"name":"(anonymous_3)","decl":{"start":{"line":30,"column":12},"end":{"line":30,"column":13}},"loc":{"start":{"line":30,"column":18},"end":{"line":32,"column":3}},"line":30},"4":{"name":"(anonymous_4)","decl":{"start":{"line":51,"column":36},"end":{"line":51,"column":37}},"loc":{"start":{"line":52,"column":18},"end":{"line":96,"column":24}},"line":52},"5":{"name":"(anonymous_5)","decl":{"start":{"line":69,"column":35},"end":{"line":69,"column":36}},"loc":{"start":{"line":69,"column":41},"end":{"line":69,"column":79}},"line":69},"6":{"name":"(anonymous_6)","decl":{"start":{"line":78,"column":35},"end":{"line":78,"column":36}},"loc":{"start":{"line":78,"column":41},"end":{"line":78,"column":79}},"line":78},"7":{"name":"(anonymous_7)","decl":{"start":{"line":88,"column":33},"end":{"line":88,"column":34}},"loc":{"start":{"line":88,"column":39},"end":{"line":91,"column":25}},"line":88},"8":{"name":"(anonymous_8)","decl":{"start":{"line":117,"column":25},"end":{"line":117,"column":26}},"loc":{"start":{"line":117,"column":31},"end":{"line":117,"column":51}},"line":117},"9":{"name":"(anonymous_9)","decl":{"start":{"line":129,"column":25},"end":{"line":129,"column":26}},"loc":{"start":{"line":129,"column":31},"end":{"line":129,"column":52}},"line":129},"10":{"name":"(anonymous_10)","decl":{"start":{"line":148,"column":13},"end":{"line":148,"column":14}},"loc":{"start":{"line":148,"column":19},"end":{"line":148,"column":32}},"line":148}},"branchMap":{"0":{"loc":{"start":{"line":25,"column":4},"end":{"line":27,"column":5}},"type":"if","locations":[{"start":{"line":25,"column":4},"end":{"line":27,"column":5}},{"start":{},"end":{}}],"line":25},"1":{"loc":{"start":{"line":36,"column":7},"end":{"line":155,"column":7}},"type":"cond-expr","locations":[{"start":{"line":37,"column":8},"end":{"line":142,"column":14}},{"start":{"line":144,"column":8},"end":{"line":153,"column":6}}],"line":36},"2":{"loc":{"start":{"line":36,"column":7},"end":{"line":36,"column":56}},"type":"binary-expr","locations":[{"start":{"line":36,"column":7},"end":{"line":36,"column":11}},{"start":{"line":36,"column":15},"end":{"line":36,"column":28}},{"start":{"line":36,"column":32},"end":{"line":36,"column":56}}],"line":36}},"s":{"0":1,"1":11,"2":19,"3":10,"4":10,"5":10,"6":10,"7":10,"8":10,"9":4,"10":4,"11":3,"12":10,"13":9,"14":10,"15":5,"16":1,"17":0,"18":1,"19":1,"20":0,"21":0,"22":1},"f":{"0":11,"1":19,"2":4,"3":9,"4":5,"5":1,"6":0,"7":1,"8":0,"9":0,"10":1},"b":{"0":[3,1],"1":[5,5],"2":[10,10,10]},"_coverageSchema":"1a1c01bbd47fc00a2c39e90264f33305004495a9","hash":"86bc3f8d4bb70ed9e8b8a50660f5d9d52d6e953b"}
,"C:\\Users\\Hp\\Desktop\\BOTP\\Ecommerce\\src\\redux\\AccountSlice.jsx": {"path":"C:\\Users\\Hp\\Desktop\\BOTP\\Ecommerce\\src\\redux\\AccountSlice.jsx","statementMap":{"0":{"start":{"line":5,"column":25},"end":{"line":12,"column":2}},"1":{"start":{"line":6,"column":2},"end":{"line":11,"column":3}},"2":{"start":{"line":7,"column":16},"end":{"line":7,"column":68}},"3":{"start":{"line":8,"column":4},"end":{"line":8,"column":20}},"4":{"start":{"line":10,"column":4},"end":{"line":10,"column":73}},"5":{"start":{"line":14,"column":30},"end":{"line":24,"column":1}},"6":{"start":{"line":17,"column":4},"end":{"line":22,"column":5}},"7":{"start":{"line":18,"column":18},"end":{"line":18,"column":78}},"8":{"start":{"line":19,"column":6},"end":{"line":19,"column":22}},"9":{"start":{"line":21,"column":6},"end":{"line":21,"column":76}},"10":{"start":{"line":27,"column":30},"end":{"line":41,"column":1}},"11":{"start":{"line":30,"column":4},"end":{"line":39,"column":5}},"12":{"start":{"line":31,"column":26},"end":{"line":31,"column":36}},"13":{"start":{"line":32,"column":6},"end":{"line":34,"column":7}},"14":{"start":{"line":33,"column":8},"end":{"line":33,"column":65}},"15":{"start":{"line":35,"column":18},"end":{"line":35,"column":99}},"16":{"start":{"line":36,"column":6},"end":{"line":36,"column":22}},"17":{"start":{"line":38,"column":6},"end":{"line":38,"column":77}},"18":{"start":{"line":43,"column":21},"end":{"line":82,"column":2}},"19":{"start":{"line":52,"column":6},"end":{"line":52,"column":24}},"20":{"start":{"line":53,"column":6},"end":{"line":53,"column":28}},"21":{"start":{"line":54,"column":6},"end":{"line":54,"column":25}},"22":{"start":{"line":58,"column":4},"end":{"line":80,"column":9}},"23":{"start":{"line":60,"column":8},"end":{"line":60,"column":33}},"24":{"start":{"line":63,"column":8},"end":{"line":63,"column":35}},"25":{"start":{"line":64,"column":8},"end":{"line":64,"column":36}},"26":{"start":{"line":67,"column":8},"end":{"line":67,"column":32}},"27":{"start":{"line":68,"column":8},"end":{"line":68,"column":37}},"28":{"start":{"line":71,"column":8},"end":{"line":71,"column":58}},"29":{"start":{"line":73,"column":8},"end":{"line":73,"column":37}},"30":{"start":{"line":76,"column":8},"end":{"line":76,"column":74}},"31":{"start":{"line":78,"column":8},"end":{"line":78,"column":32}},"32":{"start":{"line":79,"column":8},"end":{"line":79,"column":61}},"33":{"start":{"line":84,"column":37},"end":{"line":84,"column":57}}},"fnMap":{"0":{"name":"(anonymous_0)","decl":{"start":{"line":5,"column":63},"end":{"line":5,"column":64}},"loc":{"start":{"line":5,"column":98},"end":{"line":12,"column":1}},"line":5},"1":{"name":"(anonymous_1)","decl":{"start":{"line":16,"column":2},"end":{"line":16,"column":3}},"loc":{"start":{"line":16,"column":47},"end":{"line":23,"column":3}},"line":16},"2":{"name":"(anonymous_2)","decl":{"start":{"line":29,"column":2},"end":{"line":29,"column":3}},"loc":{"start":{"line":29,"column":81},"end":{"line":40,"column":3}},"line":29},"3":{"name":"(anonymous_3)","decl":{"start":{"line":51,"column":23},"end":{"line":51,"column":24}},"loc":{"start":{"line":51,"column":34},"end":{"line":55,"column":5}},"line":51},"4":{"name":"(anonymous_4)","decl":{"start":{"line":57,"column":17},"end":{"line":57,"column":18}},"loc":{"start":{"line":57,"column":30},"end":{"line":81,"column":3}},"line":57},"5":{"name":"(anonymous_5)","decl":{"start":{"line":59,"column":34},"end":{"line":59,"column":35}},"loc":{"start":{"line":59,"column":45},"end":{"line":61,"column":7}},"line":59},"6":{"name":"(anonymous_6)","decl":{"start":{"line":62,"column":36},"end":{"line":62,"column":37}},"loc":{"start":{"line":62,"column":55},"end":{"line":65,"column":7}},"line":62},"7":{"name":"(anonymous_7)","decl":{"start":{"line":66,"column":35},"end":{"line":66,"column":36}},"loc":{"start":{"line":66,"column":54},"end":{"line":69,"column":7}},"line":66},"8":{"name":"(anonymous_8)","decl":{"start":{"line":70,"column":41},"end":{"line":70,"column":42}},"loc":{"start":{"line":70,"column":60},"end":{"line":72,"column":7}},"line":70},"9":{"name":"(anonymous_9)","decl":{"start":{"line":72,"column":42},"end":{"line":72,"column":43}},"loc":{"start":{"line":72,"column":61},"end":{"line":74,"column":7}},"line":72},"10":{"name":"(anonymous_10)","decl":{"start":{"line":75,"column":41},"end":{"line":75,"column":42}},"loc":{"start":{"line":75,"column":60},"end":{"line":77,"column":7}},"line":75},"11":{"name":"(anonymous_11)","decl":{"start":{"line":77,"column":42},"end":{"line":77,"column":43}},"loc":{"start":{"line":77,"column":61},"end":{"line":80,"column":7}},"line":77}},"branchMap":{"0":{"loc":{"start":{"line":10,"column":27},"end":{"line":10,"column":71}},"type":"binary-expr","locations":[{"start":{"line":10,"column":27},"end":{"line":10,"column":45}},{"start":{"line":10,"column":49},"end":{"line":10,"column":71}}],"line":10},"1":{"loc":{"start":{"line":21,"column":29},"end":{"line":21,"column":74}},"type":"binary-expr","locations":[{"start":{"line":21,"column":29},"end":{"line":21,"column":47}},{"start":{"line":21,"column":51},"end":{"line":21,"column":74}}],"line":21},"2":{"loc":{"start":{"line":32,"column":6},"end":{"line":34,"column":7}},"type":"if","locations":[{"start":{"line":32,"column":6},"end":{"line":34,"column":7}},{"start":{},"end":{}}],"line":32},"3":{"loc":{"start":{"line":38,"column":29},"end":{"line":38,"column":75}},"type":"binary-expr","locations":[{"start":{"line":38,"column":29},"end":{"line":38,"column":47}},{"start":{"line":38,"column":51},"end":{"line":38,"column":75}}],"line":38},"4":{"loc":{"start":{"line":79,"column":22},"end":{"line":79,"column":60}},"type":"binary-expr","locations":[{"start":{"line":79,"column":22},"end":{"line":79,"column":36}},{"start":{"line":79,"column":40},"end":{"line":79,"column":60}}],"line":79}},"s":{"0":1,"1":6,"2":6,"3":5,"4":5,"5":1,"6":2,"7":2,"8":1,"9":1,"10":1,"11":3,"12":3,"13":3,"14":0,"15":0,"16":0,"17":3,"18":1,"19":1,"20":1,"21":1,"22":1,"23":6,"24":1,"25":1,"26":5,"27":5,"28":1,"29":1,"30":0,"31":3,"32":3,"33":1},"f":{"0":6,"1":2,"2":3,"3":1,"4":1,"5":6,"6":1,"7":5,"8":1,"9":1,"10":0,"11":3},"b":{"0":[5,4],"1":[1,0],"2":[0,0],"3":[3,3],"4":[3,0]},"_coverageSchema":"1a1c01bbd47fc00a2c39e90264f33305004495a9","hash":"626d85e7e03cf0a8cd4fddf942e408bf0df73543"}
,"C:\\Users\\Hp\\Desktop\\BOTP\\Ecommerce\\src\\redux\\CartSlice.jsx": {"path":"C:\\Users\\Hp\\Desktop\\BOTP\\Ecommerce\\src\\redux\\CartSlice.jsx","statementMap":{"0":{"start":{"line":3,"column":19},"end":{"line":8,"column":1}},"1":{"start":{"line":9,"column":16},"end":{"line":9,"column":18}},"2":{"start":{"line":10,"column":0},"end":{"line":12,"column":1}},"3":{"start":{"line":11,"column":0},"end":{"line":11,"column":49}},"4":{"start":{"line":13,"column":0},"end":{"line":15,"column":1}},"5":{"start":{"line":14,"column":2},"end":{"line":14,"column":40}},"6":{"start":{"line":16,"column":18},"end":{"line":89,"column":2}},"7":{"start":{"line":21,"column":20},"end":{"line":21,"column":48}},"8":{"start":{"line":22,"column":6},"end":{"line":24,"column":8}},"9":{"start":{"line":23,"column":8},"end":{"line":23,"column":51}},"10":{"start":{"line":28,"column":22},"end":{"line":28,"column":36}},"11":{"start":{"line":29,"column":24},"end":{"line":31,"column":7}},"12":{"start":{"line":30,"column":18},"end":{"line":30,"column":40}},"13":{"start":{"line":33,"column":6},"end":{"line":45,"column":7}},"14":{"start":{"line":34,"column":8},"end":{"line":34,"column":45}},"15":{"start":{"line":35,"column":8},"end":{"line":35,"column":62}},"16":{"start":{"line":37,"column":8},"end":{"line":44,"column":11}},"17":{"start":{"line":47,"column":6},"end":{"line":47,"column":89}},"18":{"start":{"line":47,"column":65},"end":{"line":47,"column":84}},"19":{"start":{"line":48,"column":6},"end":{"line":48,"column":98}},"20":{"start":{"line":48,"column":62},"end":{"line":48,"column":94}},"21":{"start":{"line":52,"column":17},"end":{"line":52,"column":31}},"22":{"start":{"line":53,"column":23},"end":{"line":53,"column":73}},"23":{"start":{"line":53,"column":58},"end":{"line":53,"column":72}},"24":{"start":{"line":54,"column":6},"end":{"line":58,"column":7}},"25":{"start":{"line":55,"column":8},"end":{"line":55,"column":64}},"26":{"start":{"line":56,"column":8},"end":{"line":56,"column":65}},"27":{"start":{"line":57,"column":8},"end":{"line":57,"column":73}},"28":{"start":{"line":57,"column":57},"end":{"line":57,"column":71}},"29":{"start":{"line":61,"column":17},"end":{"line":61,"column":31}},"30":{"start":{"line":62,"column":23},"end":{"line":62,"column":73}},"31":{"start":{"line":62,"column":58},"end":{"line":62,"column":72}},"32":{"start":{"line":63,"column":6},"end":{"line":68,"column":7}},"33":{"start":{"line":64,"column":8},"end":{"line":64,"column":44}},"34":{"start":{"line":65,"column":8},"end":{"line":65,"column":78}},"35":{"start":{"line":66,"column":8},"end":{"line":66,"column":30}},"36":{"start":{"line":67,"column":8},"end":{"line":67,"column":59}},"37":{"start":{"line":71,"column":17},"end":{"line":71,"column":31}},"38":{"start":{"line":72,"column":23},"end":{"line":72,"column":73}},"39":{"start":{"line":72,"column":58},"end":{"line":72,"column":72}},"40":{"start":{"line":73,"column":6},"end":{"line":78,"column":7}},"41":{"start":{"line":74,"column":8},"end":{"line":74,"column":44}},"42":{"start":{"line":75,"column":8},"end":{"line":75,"column":78}},"43":{"start":{"line":76,"column":8},"end":{"line":76,"column":30}},"44":{"start":{"line":77,"column":8},"end":{"line":77,"column":59}},"45":{"start":{"line":82,"column":6},"end":{"line":82,"column":28}},"46":{"start":{"line":85,"column":6},"end":{"line":85,"column":26}},"47":{"start":{"line":91,"column":2},"end":{"line":91,"column":19}}},"fnMap":{"0":{"name":"(anonymous_0)","decl":{"start":{"line":20,"column":19},"end":{"line":20,"column":20}},"loc":{"start":{"line":20,"column":38},"end":{"line":25,"column":5}},"line":20},"1":{"name":"(anonymous_1)","decl":{"start":{"line":22,"column":50},"end":{"line":22,"column":51}},"loc":{"start":{"line":23,"column":8},"end":{"line":23,"column":51}},"line":23},"2":{"name":"(anonymous_2)","decl":{"start":{"line":27,"column":4},"end":{"line":27,"column":5}},"loc":{"start":{"line":27,"column":29},"end":{"line":49,"column":5}},"line":27},"3":{"name":"(anonymous_3)","decl":{"start":{"line":30,"column":8},"end":{"line":30,"column":9}},"loc":{"start":{"line":30,"column":18},"end":{"line":30,"column":40}},"line":30},"4":{"name":"(anonymous_4)","decl":{"start":{"line":47,"column":50},"end":{"line":47,"column":51}},"loc":{"start":{"line":47,"column":65},"end":{"line":47,"column":84}},"line":47},"5":{"name":"(anonymous_5)","decl":{"start":{"line":48,"column":47},"end":{"line":48,"column":48}},"loc":{"start":{"line":48,"column":62},"end":{"line":48,"column":94}},"line":48},"6":{"name":"(anonymous_6)","decl":{"start":{"line":51,"column":4},"end":{"line":51,"column":5}},"loc":{"start":{"line":51,"column":34},"end":{"line":59,"column":5}},"line":51},"7":{"name":"(anonymous_7)","decl":{"start":{"line":53,"column":48},"end":{"line":53,"column":49}},"loc":{"start":{"line":53,"column":58},"end":{"line":53,"column":72}},"line":53},"8":{"name":"(anonymous_8)","decl":{"start":{"line":57,"column":47},"end":{"line":57,"column":48}},"loc":{"start":{"line":57,"column":57},"end":{"line":57,"column":71}},"line":57},"9":{"name":"(anonymous_9)","decl":{"start":{"line":60,"column":4},"end":{"line":60,"column":5}},"loc":{"start":{"line":60,"column":36},"end":{"line":69,"column":5}},"line":60},"10":{"name":"(anonymous_10)","decl":{"start":{"line":62,"column":48},"end":{"line":62,"column":49}},"loc":{"start":{"line":62,"column":58},"end":{"line":62,"column":72}},"line":62},"11":{"name":"(anonymous_11)","decl":{"start":{"line":70,"column":4},"end":{"line":70,"column":5}},"loc":{"start":{"line":70,"column":36},"end":{"line":80,"column":5}},"line":70},"12":{"name":"(anonymous_12)","decl":{"start":{"line":72,"column":48},"end":{"line":72,"column":49}},"loc":{"start":{"line":72,"column":58},"end":{"line":72,"column":72}},"line":72},"13":{"name":"(anonymous_13)","decl":{"start":{"line":81,"column":13},"end":{"line":81,"column":14}},"loc":{"start":{"line":81,"column":32},"end":{"line":83,"column":5}},"line":81},"14":{"name":"(anonymous_14)","decl":{"start":{"line":84,"column":4},"end":{"line":84,"column":5}},"loc":{"start":{"line":84,"column":21},"end":{"line":86,"column":5}},"line":84}},"branchMap":{"0":{"loc":{"start":{"line":10,"column":0},"end":{"line":12,"column":1}},"type":"if","locations":[{"start":{"line":10,"column":0},"end":{"line":12,"column":1}},{"start":{},"end":{}}],"line":10},"1":{"loc":{"start":{"line":13,"column":0},"end":{"line":15,"column":1}},"type":"if","locations":[{"start":{"line":13,"column":0},"end":{"line":15,"column":1}},{"start":{},"end":{}}],"line":13},"2":{"loc":{"start":{"line":33,"column":6},"end":{"line":45,"column":7}},"type":"if","locations":[{"start":{"line":33,"column":6},"end":{"line":45,"column":7}},{"start":{"line":36,"column":13},"end":{"line":45,"column":7}}],"line":33},"3":{"loc":{"start":{"line":54,"column":6},"end":{"line":58,"column":7}},"type":"if","locations":[{"start":{"line":54,"column":6},"end":{"line":58,"column":7}},{"sta
[...]
,"C:\\Users\\Hp\\Desktop\\BOTP\\Ecommerce\\src\\redux\\authSlice.js": {"path":"C:\\Users\\Hp\\Desktop\\BOTP\\Ecommerce\\src\\redux\\authSlice.js","statementMap":{"0":{"start":{"line":4,"column":24},"end":{"line":15,"column":2}},"1":{"start":{"line":5,"column":2},"end":{"line":14,"column":3}},"2":{"start":{"line":6,"column":21},"end":{"line":10,"column":6}},"3":{"start":{"line":11,"column":4},"end":{"line":11,"column":25}},"4":{"start":{"line":13,"column":4},"end":{"line":13,"column":48}},"5":{"start":{"line":17,"column":21},"end":{"line":29,"column":2}},"6":{"start":{"line":18,"column":2},"end":{"line":28,"column":3}},"7":{"start":{"line":19,"column":21},"end":{"line":19,"column":103}},"8":{"start":{"line":20,"column":5},"end":{"line":20,"column":27}},"9":{"start":{"line":21,"column":5},"end":{"line":23,"column":6}},"10":{"start":{"line":22,"column":7},"end":{"line":22,"column":17}},"11":{"start":{"line":24,"column":5},"end":{"line":24,"column":26}},"12":{"start":{"line":27,"column":4},"end":{"line":27,"column":48}},"13":{"start":{"line":31,"column":18},"end":{"line":76,"column":2}},"14":{"start":{"line":41,"column":6},"end":{"line":41,"column":36}},"15":{"start":{"line":42,"column":6},"end":{"line":42,"column":24}},"16":{"start":{"line":46,"column":4},"end":{"line":74,"column":9}},"17":{"start":{"line":48,"column":8},"end":{"line":48,"column":33}},"18":{"start":{"line":49,"column":8},"end":{"line":49,"column":27}},"19":{"start":{"line":52,"column":8},"end":{"line":52,"column":35}},"20":{"start":{"line":53,"column":8},"end":{"line":53,"column":37}},"21":{"start":{"line":54,"column":8},"end":{"line":54,"column":36}},"22":{"start":{"line":55,"column":8},"end":{"line":55,"column":27}},"23":{"start":{"line":58,"column":8},"end":{"line":58,"column":32}},"24":{"start":{"line":59,"column":8},"end":{"line":59,"column":62}},"25":{"start":{"line":62,"column":8},"end":{"line":62,"column":33}},"26":{"start":{"line":63,"column":8},"end":{"line":63,"column":27}},"27":{"start":{"line":66,"column":8},"end":{"line":66,"column":35}},"28":{"start":{"line":67,"column":8},"end":{"line":67,"column":37}},"29":{"start":{"line":68,"column":8},"end":{"line":68,"column":36}},"30":{"start":{"line":69,"column":8},"end":{"line":69,"column":27}},"31":{"start":{"line":72,"column":8},"end":{"line":72,"column":32}},"32":{"start":{"line":73,"column":8},"end":{"line":73,"column":55}},"33":{"start":{"line":78,"column":26},"end":{"line":78,"column":43}}},"fnMap":{"0":{"name":"(anonymous_0)","decl":{"start":{"line":4,"column":58},"end":{"line":4,"column":59}},"loc":{"start":{"line":4,"column":116},"end":{"line":15,"column":1}},"line":4},"1":{"name":"(anonymous_1)","decl":{"start":{"line":17,"column":52},"end":{"line":17,"column":53}},"loc":{"start":{"line":17,"column":104},"end":{"line":29,"column":1}},"line":17},"2":{"name":"(anonymous_2)","decl":{"start":{"line":40,"column":12},"end":{"line":40,"column":13}},"loc":{"start":{"line":40,"column":23},"end":{"line":43,"column":5}},"line":40},"3":{"name":"(anonymous_3)","decl":{"start":{"line":45,"column":17},"end":{"line":45,"column":18}},"loc":{"start":{"line":45,"column":30},"end":{"line":75,"column":3}},"line":45},"4":{"name":"(anonymous_4)","decl":{"start":{"line":47,"column":33},"end":{"line":47,"column":34}},"loc":{"start":{"line":47,"column":44},"end":{"line":50,"column":7}},"line":47},"5":{"name":"(anonymous_5)","decl":{"start":{"line":51,"column":35},"end":{"line":51,"column":36}},"loc":{"start":{"line":51,"column":54},"end":{"line":56,"column":7}},"line":51},"6":{"name":"(anonymous_6)","decl":{"start":{"line":57,"column":34},"end":{"line":57,"column":35}},"loc":{"start":{"line":57,"column":53},"end":{"line":60,"column":7}},"line":57},"7":{"name":"(anonymous_7)","decl":{"start":{"line":61,"column":30},"end":{"line":61,"column":31}},"loc":{"start":{"line":61,"column":41},"end":{"line":64,"column":7}},"line":61},"8":{"name":"(anonymous_8)","decl":{"start":{"line":65,"column":32},"end":{"line":65,"column":33}},"loc":{"start":{"line":65,"column":51},"end":{"line":70,"column":7}},"line":65},"9":{"name":"(anonymous_9)","decl":{"start":{"line":71,"column":31},"end":{"line":71,"column":32}},"loc":{"start":{"line":71,"column":50},"end":{"line":74,"column":7}},"line":71}},"branchMap":{"0":{"loc":{"start":{"line":21,"column":5},"end":{"line":23,"column":6}},"type":"if","locations":[{"start":{"line":21,"column":5},"end":{"line":23,"column":6}},{"start":{},"end":{}}],"line":21},"1":{"loc":{"start":{"line":21,"column":8},"end":{"line":21,"column":64}},"type":"binary-expr","locations":[{"start":{"line":21,"column":8},"end":{"line":21,"column":28}},{"start":{"line":21,"column":32},"end":{"line":21,"column":64}}],"line":21},"2":{"loc":{"start":{"line":59,"column":22},"end":{"line":59,"column":61}},"type":"binary-expr","locations":[{"start":{"line":59,"column":22},"end":{"line":59,"column":36}},{"start":{"line":59,"column":40},"end":{"line":59,"column":61}}],"line":59},"3":{"loc":{"start":{"line":73,"column":22},"end":{"line":73,"column":54}},"type":"binary-expr","locations":[{"start":{"line":73,"column":22},"end":{"line":73,"column":36}},{"start":{"line":73,"column":40},"end":{"line":73,"column":54}}],"line":73}},"s":{"0":2,"1":2,"2":2,"3":1,"4":1,"5":2,"6":3,"7":3,"8":2,"9":2,"10":0,"11":2,"12":1,"13":2,"14":1,"15":1,"16":2,"17":2,"18":2,"19":1,"20":1,"21":1,"22":1,"23":1,"24":1,"25":3,"26":3,"27":2,"28":2,"29":2,"30":2,"31":1,"32":1,"33":2},"f":{"0":2,"1":3,"2":1,"3":2,"4":2,"5":1,"6":1,"7":3,"8":2,"9":1},"b":{"0":[0,2],"1":[2,1],"2":[1,0],"3":[1,0]},"_coverageSchema":"1a1c01bbd47fc00a2c39e90264f33305004495a9","hash":"3dd84a4f7f973324270d12306f28cd4e9999f389"}
,"C:\\Users\\Hp\\Desktop\\BOTP\\Ecommerce\\src\\utils\\Toaster.jsx": {"path":"C:\\Users\\Hp\\Desktop\\BOTP\\Ecommerce\\src\\utils\\Toaster.jsx","statementMap":{"0":{"start":{"line":5,"column":16},"end":{"line":16,"column":1}},"1":{"start":{"line":6,"column":2},"end":{"line":15,"column":4}}},"fnMap":{"0":{"name":"(anonymous_0)","decl":{"start":{"line":5,"column":16},"end":{"line":5,"column":17}},"loc":{"start":{"line":5,"column":22},"end":{"line":16,"column":1}},"line":5}},"branchMap":{},"s":{"0":1,"1":4},"f":{"0":4},"b":{},"_coverageSchema":"1a1c01bbd47fc00a2c39e90264f33305004495a9","hash":"ea32433578fa5511dbb118ff7214709e2ae6c96b"}
,"C:\\Users\\Hp\\Desktop\\BOTP\\Ecommerce\\src\\utils\\Utils.jsx": {"path":"C:\\Users\\Hp\\Desktop\\BOTP\\Ecommerce\\src\\utils\\Utils.jsx","statementMap":{"0":{"start":{"line":3,"column":35},"end":{"line":26,"column":1}},"1":{"start":{"line":4,"column":42},"end":{"line":4,"column":64}},"2":{"start":{"line":6,"column":19},"end":{"line":8,"column":3}},"3":{"start":{"line":7,"column":4},"end":{"line":7,"column":48}},"4":{"start":{"line":7,"column":30},"end":{"line":7,"column":46}},"5":{"start":{"line":10,"column":23},"end":{"line":16,"column":3}},"6":{"start":{"line":11,"column":54},"end":{"line":11,"column":78}},"7":{"start":{"line":13,"column":4},"end":{"line":15,"column":5}},"8":{"start":{"line":14,"column":6},"end":{"line":14,"column":17}},"9":{"start":{"line":18,"column":2},"end":{"line":21,"column":9}},"10":{"start":{"line":19,"column":4},"end":{"line":19,"column":52}},"11":{"start":{"line":20,"column":4},"end":{"line":20,"column":68}},"12":{"start":{"line":20,"column":17},"end":{"line":20,"column":67}},"13":{"start":{"line":23,"column":22},"end":{"line":23,"column":49}},"14":{"start":{"line":25,"column":2},"end":{"line":25,"column":21}}},"fnMap":{"0":{"name":"(anonymous_0)","decl":{"start":{"line":3,"column":35},"end":{"line":3,"column":36}},"loc":{"start":{"line":3,"column":83},"end":{"line":26,"column":1}},"line":3},"1":{"name":"(anonymous_1)","decl":{"start":{"line":6,"column":19},"end":{"line":6,"column":20}},"loc":{"start":{"line":6,"column":25},"end":{"line":8,"column":3}},"line":6},"2":{"name":"(anonymous_2)","decl":{"start":{"line":7,"column":20},"end":{"line":7,"column":21}},"loc":{"start":{"line":7,"column":30},"end":{"line":7,"column":46}},"line":7},"3":{"name":"(anonymous_3)","decl":{"start":{"line":10,"column":23},"end":{"line":10,"column":24}},"loc":{"start":{"line":10,"column":29},"end":{"line":16,"column":3}},"line":10},"4":{"name":"(anonymous_4)","decl":{"start":{"line":18,"column":12},"end":{"line":18,"column":13}},"loc":{"start":{"line":18,"column":18},"end":{"line":21,"column":3}},"line":18},"5":{"name":"(anonymous_5)","decl":{"start":{"line":20,"column":11},"end":{"line":20,"column":12}},"loc":{"start":{"line":20,"column":17},"end":{"line":20,"column":67}},"line":20}},"branchMap":{"0":{"loc":{"start":{"line":3,"column":36},"end":{"line":3,"column":45}},"type":"default-arg","locations":[{"start":{"line":3,"column":43},"end":{"line":3,"column":45}}],"line":3},"1":{"loc":{"start":{"line":3,"column":47},"end":{"line":3,"column":63}},"type":"default-arg","locations":[{"start":{"line":3,"column":62},"end":{"line":3,"column":63}}],"line":3},"2":{"loc":{"start":{"line":3,"column":65},"end":{"line":3,"column":78}},"type":"default-arg","locations":[{"start":{"line":3,"column":77},"end":{"line":3,"column":78}}],"line":3},"3":{"loc":{"start":{"line":13,"column":4},"end":{"line":15,"column":5}},"type":"if","locations":[{"start":{"line":13,"column":4},"end":{"line":15,"column":5}},{"start":{},"end":{}}],"line":13}},"s":{"0":2,"1":5,"2":5,"3":2,"4":2,"5":5,"6":2,"7":2,"8":2,"9":5,"10":3,"11":3,"12":1,"13":5,"14":5},"f":{"0":5,"1":2,"2":2,"3":2,"4":3,"5":1},"b":{"0":[0],"1":[5],"2":[5],"3":[2,0]},"_coverageSchema":"1a1c01bbd47fc00a2c39e90264f33305004495a9","hash":"4ee3f9dddd53a37377cd8d7536af8e318e44881a"}
,"C:\\Users\\Hp\\Desktop\\BOTP\\Ecommerce\\src\\utils\\Validation.js": {"path":"C:\\Users\\Hp\\Desktop\\BOTP\\Ecommerce\\src\\utils\\Validation.js","statementMap":{"0":{"start":{"line":3,"column":36},"end":{"line":26,"column":3}},"1":{"start":{"line":4,"column":4},"end":{"line":6,"column":5}},"2":{"start":{"line":5,"column":6},"end":{"line":5,"column":32}},"3":{"start":{"line":8,"column":4},"end":{"line":10,"column":5}},"4":{"start":{"line":9,"column":6},"end":{"line":9,"column":33}},"5":{"start":{"line":12,"column":23},"end":{"line":12,"column":51}},"6":{"start":{"line":13,"column":4},"end":{"line":15,"column":5}},"7":{"start":{"line":14,"column":6},"end":{"line":14,"column":36}},"8":{"start":{"line":17,"column":4},"end":{"line":19,"column":5}},"9":{"start":{"line":18,"column":6},"end":{"line":18,"column":36}},"10":{"start":{"line":21,"column":4},"end":{"line":23,"column":5}},"11":{"start":{"line":22,"column":6},"end":{"line":22,"column":59}},"12":{"start":{"line":25,"column":4},"end":{"line":25,"column":14}},"13":{"start":{"line":29,"column":35},"end":{"line":44,"column":3}},"14":{"start":{"line":30,"column":4},"end":{"line":32,"column":5}},"15":{"start":{"line":31,"column":6},"end":{"line":31,"column":33}},"16":{"start":{"line":34,"column":23},"end":{"line":34,"column":51}},"17":{"start":{"line":35,"column":4},"end":{"line":37,"column":5}},"18":{"start":{"line":36,"column":6},"end":{"line":36,"column":36}},"19":{"start":{"line":39,"column":4},"end":{"line":41,"column":5}},"20":{"start":{"line":40,"column":6},"end":{"line":40,"column":36}},"21":{"start":{"line":43,"column":4},"end":{"line":43,"column":14}},"22":{"start":{"line":47,"column":37},"end":{"line":67,"column":3}},"23":{"start":{"line":48,"column":19},"end":{"line":48,"column":21}},"24":{"start":{"line":50,"column":4},"end":{"line":52,"column":5}},"25":{"start":{"line":51,"column":6},"end":{"line":51,"column":39}},"26":{"start":{"line":54,"column":4},"end":{"line":60,"column":5}},"27":{"start":{"line":55,"column":6},"end":{"line":55,"column":41}},"28":{"start":{"line":56,"column":11},"end":{"line":60,"column":5}},"29":{"start":{"line":59,"column":6},"end":{"line":59,"column":45}},"30":{"start":{"line":62,"column":4},"end":{"line":64,"column":5}},"31":{"start":{"line":63,"column":6},"end":{"line":63,"column":45}},"32":{"start":{"line":66,"column":4},"end":{"line":66,"column":18}},"33":{"start":{"line":70,"column":38},"end":{"line":87,"column":3}},"34":{"start":{"line":71,"column":29},"end":{"line":71,"column":31}},"35":{"start":{"line":74,"column":4},"end":{"line":74,"column":79}},"36":{"start":{"line":74,"column":27},"end":{"line":74,"column":79}},"37":{"start":{"line":75,"column":4},"end":{"line":75,"column":82}},"38":{"start":{"line":75,"column":28},"end":{"line":75,"column":82}},"39":{"start":{"line":76,"column":4},"end":{"line":76,"column":82}},"40":{"start":{"line":76,"column":28},"end":{"line":76,"column":82}},"41":{"start":{"line":79,"column":4},"end":{"line":79,"column":90}},"42":{"start":{"line":79,"column":31},"end":{"line":79,"column":90}},"43":{"start":{"line":80,"column":4},"end":{"line":80,"column":81}},"44":{"start":{"line":80,"column":28},"end":{"line":80,"column":81}},"45":{"start":{"line":81,"column":4},"end":{"line":81,"column":83}},"46":{"start":{"line":81,"column":27},"end":{"line":81,"column":83}},"47":{"start":{"line":84,"column":4},"end":{"line":84,"column":87}},"48":{"start":{"line":84,"column":24},"end":{"line":84,"column":87}},"49":{"start":{"line":86,"column":4},"end":{"line":86,"column":28}}},"fnMap":{"0":{"name":"(anonymous_0)","decl":{"start":{"line":3,"column":36},"end":{"line":3,"column":37}},"loc":{"start":{"line":3,"column":67},"end":{"line":26,"column":3}},"line":3},"1":{"name":"(anonymous_1)","decl":{"start":{"line":29,"column":35},"end":{"line":29,"column":36}},"loc":{"start":{"line":29,"column":60},"end":{"line":44,"column":3}},"line":29},"2":{"name":"(anonymous_2)","decl":{"start":{"line":47,"column":37},"end":{"line":47,"column":38}},"loc":{"start":{"line":47,"column":51},"end":{"line":67,"column":3}},"line":47},"3":{"name":"(anonymous_3)","decl":{"start":{"line":70,"column":38},"end":{"line":70,"column":39}},"loc":{"start":{"line":70,"column":84},"end":{"line":87,"column":3}},"line":70}},"branchMap":{"0":{"loc":{"start":{"line":4,"column":4},"end":{"line":6,"column":5}},"type":"if","locations":[{"start":{"line":4,"column":4},"end":{"line":6,"column":5}},{"start":{},"end":{}}],"line":4},"1":{"loc":{"start":{"line":8,"column":4},"end":{"line":10,"column":5}},"type":"if","locations":[{"start":{"line":8,"column":4},"end":{"line":10,"column":5}},{"start":{},"end":{}}],"line":8},"2":{"loc":{"start":{"line":13,"column":4},"end":{"line":15,"column":5}},"type":"if","locations":[{"start":{"line":13,"column":4},"end":{"line":15,"column":5}},{"start":{},"end":{}}],"line":13},"3":{"loc":{"start":{"line":17,"column":4},"end":{"line":19,"column":5}},"type":"if","locations":[{"start":{"line":17,"column":4},"end":{"line":19,"column":5}},{"start":{},"end":{}}],"line":17},"4":{"loc":{"start":{"line":21,"column":4},"end":{"line":23,"column":5}},"type":"if","locations":[{"start":{"line":21,"column":4},"end":{"line":23,"column":5}},{"start":{},"end":{}}],"line":21},"5":{"loc":{"start":{"line":30,"column":4},"end":{"line":32,"column":5}},"type":"if","locations":[{"start":{"line":30,"column":4},"end":{"line":32,"column":5}},{"start":{},"end":{}}],"line":30},"6":{"loc":{"start":{"line":35,"column":4},"end":{"line":37,"column":5}},"type":"if","locations":[{"start":{"line":35,"column":4},"end":{"line":37,"column":5}},{"start":{},"end":{}}],"line":35},"7":{"loc":{"start":{"line":39,"column":4},"end":{"line":41,"column":5}},"type":"if","locations":[{"start":{"line":39,"column":4},"end":{"line":41,"column":5}},{"start":{},"end":{}}],"line":39},"8":{"loc":{"start":{"line":50,"column":4},"end":{"line":52,"column":5}},"type":"if","locations":[{"start":{"line":50,"column":4},"end":{"line":52,"column":5}},{"start":{},"end":{}}],"line":50},"9":{"loc":{"start":{"line":54,"column":4},"end":{"line":60,"column":5}},"type":"if","locations":[{"start":{"line":54,"column":4},"end":{"line":60,"column":5}},{"start":{"line":56,"column":11},"end":{"line":60,"column":5}}],"line":54},"10":{"loc":{"start":{"line":56,"column":11},"end":{"line":60,"column":5}},"type":"if","locations":[{"start":{"line":56,"column":11},"end":{"line":60,"column":5}},{"start":{},"end":{}}],"line":56},"11":{"loc":{"start":{"line":62,"column":4},"end":{"line":64,"column":5}},"type":"if","locations":[{"start":{"line":62,"column":4},"end":{"line":64,"column":5}},{"start":{},"end":{}}],"line":62},"12":{"loc":{"start":{"line":74,"column":4},"end":{"line":74,"column":79}},"type":"if","locations":[{"start":{"line":74,"column":4},"end":{"line":74,"column":79}},{"start":{},"end":{}}],"line":74},"13":{"loc":{"start":{"line":75,"column":4},"end":{"line":75,"column":82}},"type":"if","locations":[{"start":{"line":75,"column":4},"end":{"line":75,"column":82}},{"start":{},"end":{}}],"line":75},"14":{"loc":{"start":{"line":76,"column":4},"end":{"line":76,"column":82}},"type":"if","locations":[{"start":{"line":76,"column":4},"end":{"line":76,"column":82}},{"start":{},"end":{}}],"line":76},"15":{"loc":{"start":{"line":79,"column":4},"end":{"line":79,"column":90}},"type":"if","locations":[{"start":{"line":79,"column":4},"end":{"line":79,"column":90}},{"start":{},"end":{}}],"line":79},"16":{"loc":{"start":{"line":80,"column":4},"end":{"line":80,"column":81}},"type":"if","locations":[{"start":{"line":80,"column":4},"end":{"line":80,"column":81}},{"start":{},"end":{}}],"line":80},"17":{"loc":{"start":{"line":81,"column":4},"end":{"line":81,"column":83}},"type":"if","locations":[{"start":{"line":81,"column":4},"end":{"line":81,"column":83}},{"start":{},"end":{}}],"line":81},"18":{"loc":{"start":{"line":84,"column":4},"end":{"line":84,"column":87}},"type":"if","locations":[{"start":{"line":84,"column":4},"end":{"line":84,"column":87}},{"start":{},"end":{}}],"line":84}},"s":{"0":2,"1":6,"2":1,"3":5,"4":1,"5":4,"6":4,"7":1,"8":3,"9":1,"10":2,"11":1,"12":1,"13":2,"14":4,"15":1,"16":3,"17":3,"18":1,"19":2,"20":1,"21":1,"22":2,"23":5,"24":5,"25":1,"26":5,"27":1,"28":4,"29":1,"30":5,"31":1,"32":5,"33":2,"34":8,"35":8,"36":1,"37":8,"38":1,"39":8,"40":1,"41":8,"42":1,"43":8,"44":1,"45":8,"46":1,"47":8,"48":1,"49":8},"f":{"0":6,"1":4,"2":5,"3":8},"b":{"0":[1,5],"1":[1,4],"2":[1,3],"3":[1,2],"4":[1,1],"5":[1,3],"6":[1,2],"7":[1,1],"8":[1,4],"9":[1,4],"10":[1,3],"11":[1,4],"12":[1,7],"13":[1,7],"14":[1,7],"15":[1,7],"16":[1,7],"17":[1,7],"18":[1,7]},"_coverageSchema":"1a1c01bbd47fc00a2c39e90264f33305004495a9","hash":"63d137179d9a8da9f6fedfa88c3c4dedb4ceb443"}
}
