TN:
SF:src\App.jsx
FN:10,(anonymous_0)
FNF:1
FNH:1
FNDA:5,(anonymous_0)
DA:10,1
DA:11,5
DA:13,5
LF:3
LH:3
BRF:0
BRH:0
end_of_record
TN:
SF:src\Components\AppRoutes.jsx
FN:4,(anonymous_0)
FN:5,(anonymous_1)
FN:6,(anonymous_2)
FN:7,(anonymous_3)
FN:8,(anonymous_4)
FN:9,(anonymous_5)
FN:12,(anonymous_6)
FN:15,(anonymous_7)
FN:16,(anonymous_8)
FN:17,(anonymous_9)
FN:18,(anonymous_10)
FN:19,(anonymous_11)
FN:20,(anonymous_12)
FN:23,(anonymous_13)
FNF:14
FNH:2
FNDA:1,(anonymous_0)
FNDA:0,(anonymous_1)
FNDA:0,(anonymous_2)
FNDA:0,(anonymous_3)
FNDA:0,(anonymous_4)
FNDA:0,(anonymous_5)
FNDA:0,(anonymous_6)
FNDA:0,(anonymous_7)
FNDA:0,(anonymous_8)
FNDA:0,(anonymous_9)
FNDA:0,(anonymous_10)
FNDA:0,(anonymous_11)
FNDA:0,(anonymous_12)
FNDA:3,(anonymous_13)
DA:4,1
DA:5,1
DA:6,1
DA:7,1
DA:8,1
DA:9,1
DA:10,0
DA:12,1
DA:13,0
DA:15,1
DA:16,1
DA:17,1
DA:18,1
DA:19,1
DA:20,1
DA:23,1
DA:24,3
DA:26,3
LF:18
LH:16
BRDA:38,0,0,3
BRDA:38,0,1,1
BRDA:39,1,0,3
BRDA:39,1,1,1
BRF:4
BRH:4
end_of_record
TN:
SF:src\Components\ChangeAddress\ChangeAddress.jsx
FN:3,(anonymous_0)
FN:8,(anonymous_1)
FN:17,(anonymous_2)
FN:20,(anonymous_3)
FNF:4
FNH:4
FNDA:6,(anonymous_0)
FNDA:1,(anonymous_1)
FNDA:2,(anonymous_2)
FNDA:1,(anonymous_3)
DA:3,2
DA:4,6
DA:8,6
DA:9,1
DA:10,1
DA:12,6
DA:17,2
DA:20,1
LF:8
LH:8
BRF:0
BRH:0
end_of_record
TN:
SF:src\Components\Footer\Footer.jsx
FN:5,(anonymous_0)
FN:63,(anonymous_1)
FNF:2
FNH:2
FNDA:7,(anonymous_0)
FNDA:1,(anonymous_1)
DA:5,1
DA:6,7
DA:7,7
DA:8,7
DA:63,1
LF:5
LH:5
BRF:0
BRH:0
end_of_record
TN:
SF:src\Components\Login\Login.jsx
FN:7,(anonymous_0)
FN:15,(anonymous_1)
FN:19,(anonymous_2)
FN:29,(anonymous_3)
FN:76,(anonymous_4)
FN:90,(anonymous_5)
FNF:6
FNH:6
FNDA:16,(anonymous_0)
FNDA:2,(anonymous_1)
FNDA:7,(anonymous_2)
FNDA:3,(anonymous_3)
FNDA:2,(anonymous_4)
FNDA:2,(anonymous_5)
DA:7,1
DA:8,16
DA:9,16
DA:10,16
DA:11,16
DA:12,16
DA:14,16
DA:15,2
DA:19,16
DA:20,7
DA:21,1
DA:22,1
DA:24,0
DA:29,16
DA:30,3
DA:33,3
DA:34,3
DA:35,1
DA:36,1
DA:39,2
DA:42,2
DA:43,2
DA:44,2
DA:46,2
DA:47,1
DA:49,1
DA:51,1
DA:52,0
DA:54,1
DA:57,1
DA:60,0
DA:64,16
DA:76,2
DA:90,2
LF:34
LH:31
BRDA:20,0,0,1
BRDA:20,0,1,6
BRDA:21,1,0,1
BRDA:21,1,1,0
BRDA:34,2,0,1
BRDA:34,2,1,2
BRDA:46,3,0,1
BRDA:46,3,1,1
BRDA:51,4,0,0
BRDA:51,4,1,1
BRDA:97,5,0,16
BRDA:97,5,1,2
BRDA:98,6,0,16
BRDA:98,6,1,15
BRDA:99,7,0,16
BRDA:99,7,1,2
BRF:16
BRH:14
end_of_record
TN:
SF:src\Components\Modal\Modal.jsx
FN:3,(anonymous_0)
FN:12,(anonymous_1)
FNF:2
FNH:2
FNDA:8,(anonymous_0)
FNDA:1,(anonymous_1)
DA:3,2
DA:4,8
DA:6,2
DA:12,1
LF:4
LH:4
BRDA:4,0,0,6
BRDA:4,0,1,2
BRF:2
BRH:2
end_of_record
TN:
SF:src\Components\Navbar\Navbar.jsx
FN:17,(anonymous_0)
FN:18,(anonymous_1)
FN:19,(anonymous_2)
FN:22,(anonymous_3)
FN:25,(anonymous_4)
FN:32,(anonymous_5)
FN:36,(anonymous_6)
FN:39,(anonymous_7)
FN:42,(anonymous_8)
FN:47,(anonymous_9)
FN:54,(anonymous_10)
FN:59,(anonymous_11)
FN:86,(anonymous_12)
FN:127,(anonymous_13)
FN:138,(anonymous_14)
FN:145,(anonymous_15)
FN:152,(anonymous_16)
FN:159,(anonymous_17)
FN:168,(anonymous_18)
FN:176,(anonymous_19)
FN:185,(anonymous_20)
FN:194,(anonymous_21)
FN:262,(anonymous_22)
FNF:23
FNH:10
FNDA:12,(anonymous_0)
FNDA:22,(anonymous_1)
FNDA:22,(anonymous_2)
FNDA:22,(anonymous_3)
FNDA:22,(anonymous_4)
FNDA:0,(anonymous_5)
FNDA:0,(anonymous_6)
FNDA:0,(anonymous_7)
FNDA:2,(anonymous_8)
FNDA:10,(anonymous_9)
FNDA:10,(anonymous_10)
FNDA:1,(anonymous_11)
FNDA:2,(anonymous_12)
FNDA:0,(anonymous_13)
FNDA:0,(anonymous_14)
FNDA:0,(anonymous_15)
FNDA:0,(anonymous_16)
FNDA:0,(anonymous_17)
FNDA:0,(anonymous_18)
FNDA:0,(anonymous_19)
FNDA:0,(anonymous_20)
FNDA:0,(anonymous_21)
FNDA:0,(anonymous_22)
DA:17,1
DA:18,22
DA:19,22
DA:20,12
DA:21,12
DA:22,22
DA:23,12
DA:25,22
DA:27,12
DA:29,12
DA:30,12
DA:32,12
DA:33,0
DA:34,0
DA:36,12
DA:37,0
DA:39,12
DA:40,0
DA:42,12
DA:43,2
DA:44,2
DA:47,12
DA:48,10
DA:49,10
DA:50,0
DA:54,12
DA:55,10
DA:58,12
DA:59,12
DA:60,1
DA:61,1
DA:62,1
DA:63,1
DA:67,12
DA:87,2
DA:88,1
DA:90,1
DA:127,0
DA:138,0
DA:145,0
DA:152,0
DA:159,0
DA:168,0
DA:176,0
DA:185,0
DA:195,0
DA:196,0
DA:197,0
DA:262,0
LF:49
LH:32
BRDA:25,0,0,12
BRDA:25,0,1,12
BRDA:49,1,0,0
BRDA:49,1,1,10
BRDA:58,2,0,12
BRDA:58,2,1,11
BRDA:87,3,0,1
BRDA:87,3,1,1
BRDA:96,4,0,12
BRDA:96,4,1,12
BRDA:103,5,0,2
BRDA:103,5,1,10
BRDA:130,6,0,0
BRDA:130,6,1,12
BRDA:134,7,0,12
BRDA:134,7,1,0
BRDA:165,8,0,0
BRDA:165,8,1,0
BRDA:165,8,2,0
BRDA:182,9,0,0
BRDA:182,9,1,0
BRDA:196,10,0,0
BRDA:196,10,1,0
BRDA:205,11,0,0
BRDA:205,11,1,0
BRDA:245,12,0,12
BRDA:245,12,1,11
BRDA:245,12,2,3
BRDA:259,13,0,12
BRDA:259,13,1,0
BRDA:273,14,0,12
BRDA:273,14,1,0
BRF:32
BRH:18
end_of_record
TN:
SF:src\Components\ProductCard\ProductCard.jsx
FN:9,(anonymous_0)
FN:11,(anonymous_1)
FN:13,(anonymous_2)
FN:16,(anonymous_3)
FN:50,(anonymous_4)
FN:71,(anonymous_5)
FNF:6
FNH:6
FNDA:8,(anonymous_0)
FNDA:8,(anonymous_1)
FNDA:4,(anonymous_2)
FNDA:1,(anonymous_3)
FNDA:40,(anonymous_4)
FNDA:4,(anonymous_5)
DA:9,1
DA:10,8
DA:11,8
DA:13,8
DA:14,4
DA:15,4
DA:16,4
DA:17,4
DA:19,4
DA:20,1
DA:22,3
DA:26,8
DA:51,40
DA:71,4
LF:14
LH:14
BRDA:19,0,0,1
BRDA:19,0,1,3
BRDA:56,1,0,32
BRDA:56,1,1,8
BRDA:56,2,0,40
BRDA:56,2,1,5
BRDA:64,3,0,8
BRDA:64,3,1,1
BRF:8
BRH:8
end_of_record
TN:
SF:src\Components\Register\Register.jsx
FN:7,(anonymous_0)
FN:14,(anonymous_1)
FN:17,(anonymous_2)
FN:47,(anonymous_3)
FN:58,(anonymous_4)
FN:69,(anonymous_5)
FNF:6
FNH:2
FNDA:3,(anonymous_0)
FNDA:1,(anonymous_1)
FNDA:0,(anonymous_2)
FNDA:0,(anonymous_3)
FNDA:0,(anonymous_4)
FNDA:0,(anonymous_5)
DA:7,1
DA:8,3
DA:9,3
DA:10,3
DA:11,3
DA:13,3
DA:14,3
DA:15,3
DA:17,3
DA:18,0
DA:20,0
DA:21,0
DA:22,0
DA:23,0
DA:26,0
DA:27,0
DA:29,0
DA:30,0
DA:36,3
DA:47,0
DA:58,0
DA:69,0
LF:22
LH:10
BRDA:21,0,0,0
BRDA:21,0,1,0
BRDA:29,1,0,0
BRDA:29,1,1,0
BRDA:75,2,0,3
BRDA:75,2,1,0
BRDA:76,3,0,3
BRDA:76,3,1,3
BRDA:77,4,0,3
BRDA:77,4,1,1
BRF:10
BRH:5
end_of_record
TN:
SF:src\Pages\Admin\AdminPanel.jsx
FN:11,(anonymous_0)
FN:18,(anonymous_1)
FN:24,(anonymous_2)
FN:30,(anonymous_3)
FN:32,(anonymous_4)
FN:38,(anonymous_5)
FN:48,(anonymous_6)
FN:107,(anonymous_7)
FN:137,(anonymous_8)
FN:212,(anonymous_9)
FNF:10
FNH:8
FNDA:11,(anonymous_0)
FNDA:22,(anonymous_1)
FNDA:22,(anonymous_2)
FNDA:22,(anonymous_3)
FNDA:11,(anonymous_4)
FNDA:0,(anonymous_5)
FNDA:0,(anonymous_6)
FNDA:8,(anonymous_7)
FNDA:8,(anonymous_8)
FNDA:8,(anonymous_9)
DA:11,2
DA:12,11
DA:18,22
DA:24,22
DA:30,22
DA:32,11
DA:33,11
DA:34,11
DA:35,11
DA:38,11
DA:39,0
DA:40,0
DA:41,0
DA:42,0
DA:44,0
DA:48,11
DA:49,0
DA:50,0
DA:51,0
DA:52,0
DA:54,0
DA:58,11
DA:59,1
DA:66,10
DA:67,1
DA:74,9
DA:75,1
DA:84,8
DA:108,8
DA:138,8
DA:213,8
LF:31
LH:21
BRDA:18,0,0,22
BRDA:18,0,1,0
BRDA:24,1,0,22
BRDA:24,1,1,0
BRDA:30,2,0,22
BRDA:30,2,1,0
BRDA:58,3,0,1
BRDA:58,3,1,10
BRDA:58,4,0,11
BRDA:58,4,1,10
BRDA:58,4,2,10
BRDA:66,5,0,1
BRDA:66,5,1,9
BRDA:66,6,0,10
BRDA:66,6,1,9
BRDA:66,6,2,9
BRDA:69,7,0,1
BRDA:69,7,1,0
BRDA:69,7,2,0
BRDA:74,8,0,1
BRDA:74,8,1,8
BRDA:74,9,0,9
BRDA:74,9,1,9
BRDA:122,10,0,8
BRDA:122,10,1,0
BRDA:223,11,0,8
BRDA:223,11,1,0
BRF:27
BRH:20
end_of_record
TN:
SF:src\Pages\HelpSupport\HelpSupport.jsx
FN:4,(anonymous_0)
FN:9,(anonymous_1)
FN:11,(anonymous_2)
FN:14,(anonymous_3)
FNF:4
FNH:4
FNDA:16,(anonymous_0)
FNDA:6,(anonymous_1)
FNDA:6,(anonymous_2)
FNDA:2,(anonymous_3)
DA:4,1
DA:5,16
DA:6,16
DA:7,16
DA:9,16
DA:10,6
DA:11,6
DA:14,16
DA:15,2
DA:16,2
DA:17,2
DA:18,1
DA:19,1
DA:20,1
DA:22,1
DA:23,1
DA:24,1
DA:27,16
LF:18
LH:18
BRDA:17,0,0,1
BRDA:17,0,1,1
BRDA:82,1,0,16
BRDA:82,1,1,1
BRDA:94,2,0,16
BRDA:94,2,1,1
BRDA:106,3,0,16
BRDA:106,3,1,1
BRDA:118,4,0,16
BRDA:118,4,1,1
BRF:10
BRH:10
end_of_record
TN:
SF:src\Pages\Home\Home.jsx
FN:15,(anonymous_0)
FN:17,(anonymous_1)
FN:19,(anonymous_2)
FN:20,(anonymous_3)
FN:23,(anonymous_4)
FN:61,(anonymous_5)
FNF:6
FNH:6
FNDA:4,(anonymous_0)
FNDA:4,(anonymous_1)
FNDA:4,(anonymous_2)
FNDA:4,(anonymous_3)
FNDA:1,(anonymous_4)
FNDA:12,(anonymous_5)
DA:15,1
DA:16,4
DA:17,4
DA:18,4
DA:19,4
DA:20,4
DA:21,4
DA:23,4
DA:24,1
DA:27,4
DA:62,12
LF:11
LH:11
BRDA:38,0,0,4
BRDA:38,0,1,0
BRDA:43,1,0,4
BRDA:43,1,1,0
BRDA:59,2,0,4
BRDA:59,2,1,0
BRDA:71,3,0,4
BRDA:71,3,1,4
BRDA:71,3,2,4
BRDA:71,3,3,0
BRF:10
BRH:6
end_of_record
TN:
SF:src\Pages\Infosection\Infosection.jsx
FN:9,(anonymous_0)
FN:45,(anonymous_1)
FNF:2
FNH:2
FNDA:6,(anonymous_0)
FNDA:24,(anonymous_1)
DA:9,1
DA:10,6
DA:33,6
DA:46,24
LF:4
LH:4
BRF:0
BRH:0
end_of_record
TN:
SF:src\Pages\Shop\Shop.jsx
FN:9,(anonymous_0)
FN:11,(anonymous_1)
FN:15,(anonymous_2)
FN:16,(anonymous_3)
FN:19,(anonymous_4)
FN:20,(anonymous_5)
FN:47,(anonymous_6)
FN:59,(anonymous_7)
FNF:8
FNH:6
FNDA:16,(anonymous_0)
FNDA:29,(anonymous_1)
FNDA:13,(anonymous_2)
FNDA:0,(anonymous_3)
FNDA:16,(anonymous_4)
FNDA:0,(anonymous_5)
FNDA:3,(anonymous_6)
FNDA:13,(anonymous_7)
DA:9,2
DA:10,16
DA:11,29
DA:12,16
DA:13,16
DA:15,16
DA:16,13
DA:19,16
DA:20,16
DA:21,0
DA:22,0
DA:23,0
DA:29,16
DA:31,16
DA:47,3
DA:60,13
LF:16
LH:13
BRDA:16,0,0,0
BRDA:16,0,1,13
BRDA:21,1,0,0
BRDA:21,1,1,0
BRDA:22,2,0,0
BRDA:22,2,1,0
BRDA:69,3,0,16
BRDA:69,3,1,0
BRF:8
BRH:2
end_of_record
TN:
SF:src\Pages\about\TrendingNow.jsx
FN:7,(anonymous_0)
FN:12,(anonymous_1)
FN:15,(anonymous_2)
FN:40,(anonymous_3)
FN:63,(anonymous_4)
FNF:5
FNH:1
FNDA:5,(anonymous_0)
FNDA:0,(anonymous_1)
FNDA:0,(anonymous_2)
FNDA:0,(anonymous_3)
FNDA:0,(anonymous_4)
DA:7,1
DA:8,5
DA:9,5
DA:11,5
DA:12,0
DA:15,5
DA:16,0
DA:17,0
DA:21,5
DA:22,5
DA:29,0
DA:41,0
DA:63,0
LF:13
LH:7
BRDA:11,0,0,5
BRDA:11,0,1,0
BRDA:21,1,0,5
BRDA:21,1,1,0
BRDA:46,2,0,0
BRDA:46,2,1,0
BRDA:47,3,0,0
BRDA:47,3,1,0
BRDA:52,4,0,0
BRDA:52,4,1,0
BRDA:55,5,0,0
BRDA:55,5,1,0
BRDA:59,6,0,0
BRDA:59,6,1,0
BRDA:70,7,0,0
BRDA:70,7,1,0
BRF:16
BRH:2
end_of_record
TN:
SF:src\Pages\cart\Cart.jsx
FN:16,(anonymous_0)
FN:17,(anonymous_1)
FN:23,(anonymous_2)
FN:30,(anonymous_3)
FN:51,(anonymous_4)
FN:69,(anonymous_5)
FN:78,(anonymous_6)
FN:88,(anonymous_7)
FN:117,(anonymous_8)
FN:129,(anonymous_9)
FN:148,(anonymous_10)
FNF:11
FNH:8
FNDA:11,(anonymous_0)
FNDA:19,(anonymous_1)
FNDA:4,(anonymous_2)
FNDA:9,(anonymous_3)
FNDA:5,(anonymous_4)
FNDA:1,(anonymous_5)
FNDA:0,(anonymous_6)
FNDA:1,(anonymous_7)
FNDA:0,(anonymous_8)
FNDA:0,(anonymous_9)
FNDA:1,(anonymous_10)
DA:16,1
DA:17,19
DA:18,10
DA:19,10
DA:20,10
DA:21,10
DA:22,10
DA:23,10
DA:24,4
DA:25,4
DA:26,3
DA:30,10
DA:31,9
DA:34,10
DA:52,5
DA:69,1
DA:78,0
DA:89,1
DA:90,1
DA:117,0
DA:129,0
DA:148,1
LF:22
LH:19
BRDA:25,0,0,3
BRDA:25,0,1,1
BRDA:36,1,0,5
BRDA:36,1,1,5
BRDA:36,2,0,10
BRDA:36,2,1,10
BRDA:36,2,2,10
BRF:7
BRH:7
end_of_record
TN:
SF:src\redux\AccountSlice.jsx
FN:5,(anonymous_0)
FN:16,(anonymous_1)
FN:29,(anonymous_2)
FN:51,(anonymous_3)
FN:57,(anonymous_4)
FN:59,(anonymous_5)
FN:62,(anonymous_6)
FN:66,(anonymous_7)
FN:70,(anonymous_8)
FN:72,(anonymous_9)
FN:75,(anonymous_10)
FN:77,(anonymous_11)
FNF:12
FNH:11
FNDA:6,(anonymous_0)
FNDA:2,(anonymous_1)
FNDA:3,(anonymous_2)
FNDA:1,(anonymous_3)
FNDA:1,(anonymous_4)
FNDA:6,(anonymous_5)
FNDA:1,(anonymous_6)
FNDA:5,(anonymous_7)
FNDA:1,(anonymous_8)
FNDA:1,(anonymous_9)
FNDA:0,(anonymous_10)
FNDA:3,(anonymous_11)
DA:5,1
DA:6,6
DA:7,6
DA:8,5
DA:10,5
DA:14,1
DA:17,2
DA:18,2
DA:19,1
DA:21,1
DA:27,1
DA:30,3
DA:31,3
DA:32,3
DA:33,0
DA:35,0
DA:36,0
DA:38,3
DA:43,1
DA:52,1
DA:53,1
DA:54,1
DA:58,1
DA:60,6
DA:63,1
DA:64,1
DA:67,5
DA:68,5
DA:71,1
DA:73,1
DA:76,0
DA:78,3
DA:79,3
DA:84,1
LF:34
LH:30
BRDA:10,0,0,5
BRDA:10,0,1,4
BRDA:21,1,0,1
BRDA:21,1,1,0
BRDA:32,2,0,0
BRDA:32,2,1,0
BRDA:38,3,0,3
BRDA:38,3,1,3
BRDA:79,4,0,3
BRDA:79,4,1,0
BRF:10
BRH:6
end_of_record
TN:
SF:src\redux\CartSlice.jsx
FN:20,(anonymous_0)
FN:22,(anonymous_1)
FN:27,(anonymous_2)
FN:30,(anonymous_3)
FN:47,(anonymous_4)
FN:48,(anonymous_5)
FN:51,(anonymous_6)
FN:53,(anonymous_7)
FN:57,(anonymous_8)
FN:60,(anonymous_9)
FN:62,(anonymous_10)
FN:70,(anonymous_11)
FN:72,(anonymous_12)
FN:81,(anonymous_13)
FN:84,(anonymous_14)
FNF:15
FNH:15
FNDA:1,(anonymous_0)
FNDA:2,(anonymous_1)
FNDA:2,(anonymous_2)
FNDA:1,(anonymous_3)
FNDA:2,(anonymous_4)
FNDA:2,(anonymous_5)
FNDA:2,(anonymous_6)
FNDA:2,(anonymous_7)
FNDA:2,(anonymous_8)
FNDA:1,(anonymous_9)
FNDA:1,(anonymous_10)
FNDA:3,(anonymous_11)
FNDA:3,(anonymous_12)
FNDA:4,(anonymous_13)
FNDA:1,(anonymous_14)
DA:3,4
DA:9,4
DA:10,4
DA:11,4
DA:13,4
DA:14,0
DA:16,4
DA:21,1
DA:22,1
DA:23,2
DA:28,2
DA:29,2
DA:30,1
DA:33,2
DA:34,1
DA:35,1
DA:37,1
DA:47,2
DA:48,2
DA:52,2
DA:53,2
DA:54,2
DA:55,2
DA:56,2
DA:57,2
DA:61,1
DA:62,1
DA:63,1
DA:64,1
DA:65,1
DA:66,1
DA:67,1
DA:71,3
DA:72,3
DA:73,3
DA:74,2
DA:75,2
DA:76,2
DA:77,2
DA:82,4
DA:85,1
DA:91,4
LF:42
LH:41
BRDA:10,0,0,4
BRDA:10,0,1,0
BRDA:13,1,0,0
BRDA:13,1,1,4
BRDA:33,2,0,1
BRDA:33,2,1,1
BRDA:54,3,0,2
BRDA:54,3,1,0
BRDA:63,4,0,1
BRDA:63,4,1,0
BRDA:73,5,0,2
BRDA:73,5,1,1
BRDA:73,6,0,3
BRDA:73,6,1,3
BRF:14
BRH:10
end_of_record
TN:
SF:src\redux\OrderSlice.js
FN:5,(anonymous_0)
FN:11,(anonymous_1)
FN:20,(anonymous_2)
FN:30,(anonymous_3)
FN:56,(anonymous_4)
FN:59,(anonymous_5)
FN:63,(anonymous_6)
FN:65,(anonymous_7)
FN:69,(anonymous_8)
FN:73,(anonymous_9)
FN:76,(anonymous_10)
FN:80,(anonymous_11)
FN:84,(anonymous_12)
FN:87,(anonymous_13)
FN:91,(anonymous_14)
FNF:15
FNH:14
FNDA:1,(anonymous_0)
FNDA:2,(anonymous_1)
FNDA:2,(anonymous_2)
FNDA:0,(anonymous_3)
FNDA:1,(anonymous_4)
FNDA:1,(anonymous_5)
FNDA:1,(anonymous_6)
FNDA:3,(anonymous_7)
FNDA:1,(anonymous_8)
FNDA:1,(anonymous_9)
FNDA:2,(anonymous_10)
FNDA:1,(anonymous_11)
FNDA:1,(anonymous_12)
FNDA:1,(anonymous_13)
FNDA:1,(anonymous_14)
DA:5,3
DA:6,1
DA:7,1
DA:11,3
DA:12,2
DA:13,2
DA:14,1
DA:17,1
DA:20,3
DA:21,2
DA:22,2
DA:23,1
DA:25,1
DA:28,3
DA:31,0
DA:38,0
DA:39,0
DA:40,0
DA:43,0
DA:47,3
DA:57,1
DA:60,1
DA:64,1
DA:66,3
DA:67,3
DA:70,1
DA:71,1
DA:74,1
DA:75,1
DA:77,2
DA:78,2
DA:81,1
DA:82,1
DA:85,1
DA:86,1
DA:88,1
DA:89,1
DA:92,1
DA:93,1
DA:120,3
LF:40
LH:35
BRDA:39,0,0,0
BRDA:39,0,1,0
BRF:2
BRH:0
end_of_record
TN:
SF:src\redux\ProductSlice.jsx
FN:5,(anonymous_0)
FN:11,(anonymous_1)
FN:20,(anonymous_2)
FN:26,(anonymous_3)
FN:32,(anonymous_4)
FN:34,(anonymous_5)
FN:60,(anonymous_6)
FN:63,(anonymous_7)
FN:66,(anonymous_8)
FN:69,(anonymous_9)
FN:72,(anonymous_10)
FN:76,(anonymous_11)
FN:78,(anonymous_12)
FN:82,(anonymous_13)
FN:87,(anonymous_14)
FNF:15
FNH:14
FNDA:2,(anonymous_0)
FNDA:1,(anonymous_1)
FNDA:1,(anonymous_2)
FNDA:1,(anonymous_3)
FNDA:31,(anonymous_4)
FNDA:0,(anonymous_5)
FNDA:1,(anonymous_6)
FNDA:1,(anonymous_7)
FNDA:1,(anonymous_8)
FNDA:1,(anonymous_9)
FNDA:1,(anonymous_10)
FNDA:1,(anonymous_11)
FNDA:2,(anonymous_12)
FNDA:1,(anonymous_13)
FNDA:1,(anonymous_14)
DA:5,6
DA:6,2
DA:7,1
DA:11,6
DA:12,1
DA:13,1
DA:20,6
DA:21,1
DA:22,1
DA:26,6
DA:27,1
DA:28,1
DA:32,6
DA:33,31
DA:34,31
DA:35,0
DA:36,0
DA:39,0
DA:44,6
DA:56,6
DA:61,1
DA:64,1
DA:67,1
DA:70,1
DA:73,1
DA:77,1
DA:79,2
DA:80,2
DA:83,1
DA:84,1
DA:85,1
DA:88,1
DA:89,1
DA:95,6
LF:34
LH:31
BRDA:33,0,0,31
BRDA:33,1,0,31
BRDA:33,1,1,0
BRDA:35,2,0,0
BRDA:35,2,1,0
BRDA:39,3,0,0
BRDA:39,3,1,0
BRF:7
BRH:2
end_of_record
TN:
SF:src\redux\UserSlice.jsx
FN:4,(anonymous_0)
FN:21,(anonymous_1)
FN:23,(anonymous_2)
FN:27,(anonymous_3)
FN:31,(anonymous_4)
FNF:5
FNH:5
FNDA:2,(anonymous_0)
FNDA:1,(anonymous_1)
FNDA:3,(anonymous_2)
FNDA:2,(anonymous_3)
FNDA:2,(anonymous_4)
DA:4,3
DA:5,2
DA:6,2
DA:7,1
DA:9,1
DA:13,3
DA:22,1
DA:24,3
DA:25,3
DA:28,2
DA:29,2
DA:32,2
DA:33,2
LF:13
LH:13
BRF:0
BRH:0
end_of_record
TN:
SF:src\redux\authSlice.js
FN:4,(anonymous_0)
FN:17,(anonymous_1)
FN:40,(anonymous_2)
FN:45,(anonymous_3)
FN:47,(anonymous_4)
FN:51,(anonymous_5)
FN:57,(anonymous_6)
FN:61,(anonymous_7)
FN:65,(anonymous_8)
FN:71,(anonymous_9)
FNF:10
FNH:10
FNDA:2,(anonymous_0)
FNDA:3,(anonymous_1)
FNDA:1,(anonymous_2)
FNDA:2,(anonymous_3)
FNDA:2,(anonymous_4)
FNDA:1,(anonymous_5)
FNDA:1,(anonymous_6)
FNDA:3,(anonymous_7)
FNDA:2,(anonymous_8)
FNDA:1,(anonymous_9)
DA:4,2
DA:5,2
DA:6,2
DA:11,1
DA:13,1
DA:17,2
DA:18,3
DA:19,3
DA:20,2
DA:21,2
DA:22,0
DA:24,2
DA:27,1
DA:31,2
DA:41,1
DA:42,1
DA:46,2
DA:48,2
DA:49,2
DA:52,1
DA:53,1
DA:54,1
DA:55,1
DA:58,1
DA:59,1
DA:62,3
DA:63,3
DA:66,2
DA:67,2
DA:68,2
DA:69,2
DA:72,1
DA:73,1
DA:78,2
LF:34
LH:33
BRDA:21,0,0,0
BRDA:21,0,1,2
BRDA:21,1,0,2
BRDA:21,1,1,1
BRDA:59,2,0,1
BRDA:59,2,1,0
BRDA:73,3,0,1
BRDA:73,3,1,0
BRF:8
BRH:5
end_of_record
TN:
SF:src\utils\Toaster.jsx
FN:5,(anonymous_0)
FNF:1
FNH:1
FNDA:4,(anonymous_0)
DA:5,1
DA:6,4
LF:2
LH:2
BRF:0
BRH:0
end_of_record
TN:
SF:src\utils\Utils.jsx
FN:3,(anonymous_0)
FN:6,(anonymous_1)
FN:7,(anonymous_2)
FN:10,(anonymous_3)
FN:18,(anonymous_4)
FN:20,(anonymous_5)
FNF:6
FNH:6
FNDA:5,(anonymous_0)
FNDA:2,(anonymous_1)
FNDA:2,(anonymous_2)
FNDA:2,(anonymous_3)
FNDA:3,(anonymous_4)
FNDA:1,(anonymous_5)
DA:3,2
DA:4,5
DA:6,5
DA:7,2
DA:10,5
DA:11,2
DA:13,2
DA:14,2
DA:18,5
DA:19,3
DA:20,3
DA:23,5
DA:25,5
LF:13
LH:13
BRDA:3,0,0,0
BRDA:3,1,0,5
BRDA:3,2,0,5
BRDA:13,3,0,2
BRDA:13,3,1,0
BRF:5
BRH:3
end_of_record
TN:
SF:src\utils\Validation.js
FN:3,(anonymous_0)
FN:29,(anonymous_1)
FN:47,(anonymous_2)
FN:70,(anonymous_3)
FNF:4
FNH:4
FNDA:6,(anonymous_0)
FNDA:4,(anonymous_1)
FNDA:5,(anonymous_2)
FNDA:8,(anonymous_3)
DA:3,2
DA:4,6
DA:5,1
DA:8,5
DA:9,1
DA:12,4
DA:13,4
DA:14,1
DA:17,3
DA:18,1
DA:21,2
DA:22,1
DA:25,1
DA:29,2
DA:30,4
DA:31,1
DA:34,3
DA:35,3
DA:36,1
DA:39,2
DA:40,1
DA:43,1
DA:47,2
DA:48,5
DA:50,5
DA:51,1
DA:54,5
DA:55,1
DA:56,4
DA:59,1
DA:62,5
DA:63,1
DA:66,5
DA:70,2
DA:71,8
DA:74,8
DA:75,8
DA:76,8
DA:79,8
DA:80,8
DA:81,8
DA:84,8
DA:86,8
LF:43
LH:43
BRDA:4,0,0,1
BRDA:4,0,1,5
BRDA:8,1,0,1
BRDA:8,1,1,4
BRDA:13,2,0,1
BRDA:13,2,1,3
BRDA:17,3,0,1
BRDA:17,3,1,2
BRDA:21,4,0,1
BRDA:21,4,1,1
BRDA:30,5,0,1
BRDA:30,5,1,3
BRDA:35,6,0,1
BRDA:35,6,1,2
BRDA:39,7,0,1
BRDA:39,7,1,1
BRDA:50,8,0,1
BRDA:50,8,1,4
BRDA:54,9,0,1
BRDA:54,9,1,4
BRDA:56,10,0,1
BRDA:56,10,1,3
BRDA:62,11,0,1
BRDA:62,11,1,4
BRDA:74,12,0,1
BRDA:74,12,1,7
BRDA:75,13,0,1
BRDA:75,13,1,7
BRDA:76,14,0,1
BRDA:76,14,1,7
BRDA:79,15,0,1
BRDA:79,15,1,7
BRDA:80,16,0,1
BRDA:80,16,1,7
BRDA:81,17,0,1
BRDA:81,17,1,7
BRDA:84,18,0,1
BRDA:84,18,1,7
BRF:38
BRH:38
end_of_record
